{"/Users/jayellis/projects/byu/cs329/jwt-pizza/src/icons.tsx":{"path":"/Users/jayellis/projects/byu/cs329/jwt-pizza/src/icons.tsx","statementMap":{"0":{"start":{"line":3,"column":2},"end":{"line":44,"column":4}},"1":{"start":{"line":46,"column":0},"end":{"line":46,"column":15}},"2":{"start":{"line":48,"column":2},"end":{"line":82,"column":4}},"3":{"start":{"line":84,"column":0},"end":{"line":84,"column":19}},"4":{"start":{"line":86,"column":2},"end":{"line":125,"column":4}},"5":{"start":{"line":127,"column":0},"end":{"line":127,"column":18}},"6":{"start":{"line":129,"column":2},"end":{"line":183,"column":4}},"7":{"start":{"line":185,"column":0},"end":{"line":185,"column":19}},"8":{"start":{"line":187,"column":2},"end":{"line":214,"column":4}},"9":{"start":{"line":216,"column":0},"end":{"line":216,"column":14}},"10":{"start":{"line":218,"column":2},"end":{"line":252,"column":4}},"11":{"start":{"line":254,"column":0},"end":{"line":254,"column":17}},"12":{"start":{"line":256,"column":2},"end":{"line":290,"column":4}},"13":{"start":{"line":292,"column":0},"end":{"line":292,"column":16}},"14":{"start":{"line":294,"column":2},"end":{"line":328,"column":4}},"15":{"start":{"line":330,"column":0},"end":{"line":330,"column":16}},"16":{"start":{"line":332,"column":2},"end":{"line":370,"column":4}},"17":{"start":{"line":372,"column":0},"end":{"line":372,"column":16}},"18":{"start":{"line":374,"column":25},"end":{"line":374,"column":73}},"19":{"start":{"line":375,"column":2},"end":{"line":414,"column":4}},"20":{"start":{"line":416,"column":0},"end":{"line":416,"column":20}},"21":{"start":{"line":418,"column":25},"end":{"line":418,"column":73}},"22":{"start":{"line":419,"column":2},"end":{"line":453,"column":4}},"23":{"start":{"line":455,"column":0},"end":{"line":455,"column":16}},"24":{"start":{"line":457,"column":2},"end":{"line":483,"column":4}},"25":{"start":{"line":485,"column":0},"end":{"line":485,"column":23}},"26":{"start":{"line":501,"column":0},"end":{"line":501,"column":30}},"27":{"start":{"line":502,"column":0},"end":{"line":502,"column":34}},"28":{"start":{"line":503,"column":0},"end":{"line":503,"column":33}},"29":{"start":{"line":504,"column":0},"end":{"line":504,"column":34}},"30":{"start":{"line":505,"column":0},"end":{"line":505,"column":29}},"31":{"start":{"line":506,"column":0},"end":{"line":506,"column":32}},"32":{"start":{"line":507,"column":0},"end":{"line":507,"column":31}},"33":{"start":{"line":508,"column":0},"end":{"line":508,"column":31}},"34":{"start":{"line":509,"column":0},"end":{"line":509,"column":31}},"35":{"start":{"line":510,"column":0},"end":{"line":510,"column":35}},"36":{"start":{"line":511,"column":0},"end":{"line":511,"column":31}},"37":{"start":{"line":512,"column":0},"end":{"line":512,"column":38}},"38":{"start":{"line":514,"column":20},"end":{"line":514,"column":97}},"39":{"start":{"line":515,"column":0},"end":{"line":531,"column":1}},"40":{"start":{"line":516,"column":2},"end":{"line":520,"column":3}},"41":{"start":{"line":517,"column":4},"end":{"line":519,"column":6}},"42":{"start":{"line":521,"column":2},"end":{"line":530,"column":5}},"43":{"start":{"line":522,"column":4},"end":{"line":522,"column":128}},"44":{"start":{"line":523,"column":4},"end":{"line":529,"column":7}},"45":{"start":{"line":524,"column":6},"end":{"line":525,"column":15}},"46":{"start":{"line":525,"column":8},"end":{"line":525,"column":15}},"47":{"start":{"line":526,"column":32},"end":{"line":526,"column":177}},"48":{"start":{"line":527,"column":6},"end":{"line":528,"column":54}},"49":{"start":{"line":528,"column":8},"end":{"line":528,"column":54}},"50":{"start":{"line":533,"column":2},"end":{"line":533,"column":107}},"51":{"start":{"line":536,"column":2},"end":{"line":536,"column":62}}},"fnMap":{"0":{"name":"TrashIcon","decl":{"start":{"line":2,"column":9},"end":{"line":2,"column":18}},"loc":{"start":{"line":2,"column":21},"end":{"line":45,"column":1}},"line":2},"1":{"name":"LocationIcon","decl":{"start":{"line":47,"column":9},"end":{"line":47,"column":21}},"loc":{"start":{"line":47,"column":24},"end":{"line":83,"column":1}},"line":47},"2":{"name":"CautionIcon","decl":{"start":{"line":85,"column":9},"end":{"line":85,"column":20}},"loc":{"start":{"line":85,"column":23},"end":{"line":126,"column":1}},"line":85},"3":{"name":"CloseEyeIcon","decl":{"start":{"line":128,"column":9},"end":{"line":128,"column":21}},"loc":{"start":{"line":128,"column":24},"end":{"line":184,"column":1}},"line":128},"4":{"name":"KeyIcon","decl":{"start":{"line":186,"column":9},"end":{"line":186,"column":16}},"loc":{"start":{"line":186,"column":19},"end":{"line":215,"column":1}},"line":186},"5":{"name":"PersonIcon","decl":{"start":{"line":217,"column":9},"end":{"line":217,"column":19}},"loc":{"start":{"line":217,"column":22},"end":{"line":253,"column":1}},"line":217},"6":{"name":"EmailIcon","decl":{"start":{"line":255,"column":9},"end":{"line":255,"column":18}},"loc":{"start":{"line":255,"column":21},"end":{"line":291,"column":1}},"line":255},"7":{"name":"HouseIcon","decl":{"start":{"line":293,"column":9},"end":{"line":293,"column":18}},"loc":{"start":{"line":293,"column":21},"end":{"line":329,"column":1}},"line":293},"8":{"name":"StoreIcon","decl":{"start":{"line":331,"column":9},"end":{"line":331,"column":18}},"loc":{"start":{"line":331,"column":21},"end":{"line":371,"column":1}},"line":331},"9":{"name":"HamburgerIcon","decl":{"start":{"line":373,"column":9},"end":{"line":373,"column":22}},"loc":{"start":{"line":373,"column":30},"end":{"line":415,"column":1}},"line":373},"10":{"name":"CloseIcon","decl":{"start":{"line":417,"column":9},"end":{"line":417,"column":18}},"loc":{"start":{"line":417,"column":26},"end":{"line":454,"column":1}},"line":417},"11":{"name":"GreaterThanIcon","decl":{"start":{"line":456,"column":9},"end":{"line":456,"column":24}},"loc":{"start":{"line":456,"column":27},"end":{"line":484,"column":1}},"line":456},"12":{"name":"(anonymous_12)","decl":{"start":{"line":521,"column":52},"end":{"line":521,"column":53}},"loc":{"start":{"line":521,"column":72},"end":{"line":530,"column":3}},"line":521},"13":{"name":"(anonymous_13)","decl":{"start":{"line":523,"column":27},"end":{"line":523,"column":28}},"loc":{"start":{"line":523,"column":44},"end":{"line":529,"column":5}},"line":523},"14":{"name":"$RefreshReg$","decl":{"start":{"line":532,"column":9},"end":{"line":532,"column":21}},"loc":{"start":{"line":532,"column":32},"end":{"line":534,"column":1}},"line":532},"15":{"name":"$RefreshSig$","decl":{"start":{"line":535,"column":9},"end":{"line":535,"column":21}},"loc":{"start":{"line":535,"column":24},"end":{"line":537,"column":1}},"line":535}},"branchMap":{"0":{"loc":{"start":{"line":514,"column":20},"end":{"line":514,"column":97}},"type":"binary-expr","locations":[{"start":{"line":514,"column":20},"end":{"line":514,"column":60}},{"start":{"line":514,"column":64},"end":{"line":514,"column":97}}],"line":514},"1":{"loc":{"start":{"line":515,"column":0},"end":{"line":531,"column":1}},"type":"if","locations":[{"start":{"line":515,"column":0},"end":{"line":531,"column":1}},{"start":{},"end":{}}],"line":515},"2":{"loc":{"start":{"line":515,"column":4},"end":{"line":515,"column":35}},"type":"binary-expr","locations":[{"start":{"line":515,"column":4},"end":{"line":515,"column":19}},{"start":{"line":515,"column":23},"end":{"line":515,"column":35}}],"line":515},"3":{"loc":{"start":{"line":516,"column":2},"end":{"line":520,"column":3}},"type":"if","locations":[{"start":{"line":516,"column":2},"end":{"line":520,"column":3}},{"start":{},"end":{}}],"line":516},"4":{"loc":{"start":{"line":524,"column":6},"end":{"line":525,"column":15}},"type":"if","locations":[{"start":{"line":524,"column":6},"end":{"line":525,"column":15}},{"start":{},"end":{}}],"line":524},"5":{"loc":{"start":{"line":527,"column":6},"end":{"line":528,"column":54}},"type":"if","locations":[{"start":{"line":527,"column":6},"end":{"line":528,"column":54}},{"start":{},"end":{}}],"line":527}},"s":{"0":0,"1":1,"2":0,"3":1,"4":0,"5":1,"6":0,"7":1,"8":0,"9":1,"10":0,"11":1,"12":0,"13":1,"14":1,"15":1,"16":0,"17":1,"18":1,"19":1,"20":1,"21":1,"22":1,"23":1,"24":1,"25":1,"26":1,"27":1,"28":1,"29":1,"30":1,"31":1,"32":1,"33":1,"34":1,"35":1,"36":1,"37":1,"38":1,"39":1,"40":1,"41":0,"42":1,"43":1,"44":1,"45":0,"46":0,"47":0,"48":0,"49":0,"50":12,"51":0},"f":{"0":0,"1":0,"2":0,"3":0,"4":0,"5":0,"6":0,"7":1,"8":0,"9":1,"10":1,"11":1,"12":1,"13":0,"14":12,"15":0},"b":{"0":[1,0],"1":[1,0],"2":[1,1],"3":[0,1],"4":[0,0],"5":[0,0]},"inputSourceMap":{"version":3,"mappings":"AAeM;AAbN,SAASA,YAAY;AACnB,SACE;AAAA,IAAC;AAAA;AAAA,MACC,WAAU;AAAA,MACV,OAAM;AAAA,MACN,OAAM;AAAA,MACN,QAAO;AAAA,MACP,SAAQ;AAAA,MACR,MAAK;AAAA,MACL,QAAO;AAAA,MACP,aAAY;AAAA,MACZ,eAAc;AAAA,MACd,gBAAe;AAAA,MACf;AAAA;AAAA,UAAC;AAAA;AAAA,YACC,eAAc;AAAA,YACd,gBAAe;AAAA,YACf,GAAE;AAAA;AAAA,UAHJ;AAAA;AAAA;AAAA;AAAA;AAAA;AAAA;AAAA;AAAA,QAGma;AAAA,QACha;AAAA;AAAA;AAAA,IAfL;AAAA;AAAA;AAAA;AAAA;AAAA;AAAA;AAAA;AAAA,EAgBA;AAEJ;AAACC,KApBQD;AAsBT,SAASE,eAAe;AACtB,SACE;AAAA,IAAC;AAAA;AAAA,MACC,WAAU;AAAA,MACV,OAAM;AAAA,MACN,OAAM;AAAA,MACN,QAAO;AAAA,MACP,SAAQ;AAAA,MACR,MAAK;AAAA,MACL,QAAO;AAAA,MACP,aAAY;AAAA,MACZ,eAAc;AAAA,MACd,gBAAe;AAAA,MACf;AAAA,+BAAC,UAAK,eAAc,SAAQ,gBAAe,SAAQ,GAAE,2CAArD;AAAA;AAAA;AAAA;AAAA,eAA4F;AAAA,QAC5F,uBAAC,UAAK,eAAc,SAAQ,gBAAe,SAAQ,GAAE,oFAArD;AAAA;AAAA;AAAA;AAAA,eAAqI;AAAA;AAAA;AAAA,IAZvI;AAAA;AAAA;AAAA;AAAA;AAAA;AAAA;AAAA;AAAA,EAaA;AAEJ;AAACC,MAjBQD;AAmBT,SAASE,cAAc;AACrB,SACE;AAAA,IAAC;AAAA;AAAA,MACC,WAAU;AAAA,MACV,OAAM;AAAA,MACN,OAAM;AAAA,MACN,QAAO;AAAA,MACP,SAAQ;AAAA,MACR,MAAK;AAAA,MACL,QAAO;AAAA,MACP,aAAY;AAAA,MACZ,eAAc;AAAA,MACd,gBAAe;AAAA,MACf;AAAA,+BAAC,UAAK,GAAE,+EAAR;AAAA;AAAA;AAAA;AAAA,eAAoF;AAAA,QACpF,uBAAC,UAAK,GAAE,aAAR;AAAA;AAAA;AAAA;AAAA,eAAkB;AAAA,QAClB,uBAAC,UAAK,GAAE,gBAAR;AAAA;AAAA;AAAA;AAAA,eAAqB;AAAA;AAAA;AAAA,IAbvB;AAAA;AAAA;AAAA;AAAA;AAAA;AAAA;AAAA;AAAA,EAcA;AAEJ;AAACC,MAlBQD;AAoBT,SAASE,eAAe;AACtB,SACE;AAAA,IAAC;AAAA;AAAA,MACC,WAAU;AAAA,MACV,OAAM;AAAA,MACN,OAAM;AAAA,MACN,QAAO;AAAA,MACP,SAAQ;AAAA,MACR,MAAK;AAAA,MACL,QAAO;AAAA,MACP,aAAY;AAAA,MACZ,eAAc;AAAA,MACd,gBAAe;AAAA,MACf;AAAA,+BAAC,UAAK,WAAU,6BAA4B,GAAE,oCAA9C;AAAA;AAAA;AAAA;AAAA,eAA+E;AAAA,QAC/E,uBAAC,UAAK,WAAU,6BAA4B,GAAE,kFAA9C;AAAA;AAAA;AAAA;AAAA,eAA6H;AAAA,QAC7H,uBAAC,UAAK,WAAU,6BAA4B,GAAE,4EAA9C;AAAA;AAAA;AAAA;AAAA,eAAuH;AAAA,QACvH,uBAAC,UAAK,WAAU,6BAA4B,IAAG,KAAI,IAAG,MAAK,IAAG,KAAI,IAAG,QAArE;AAAA;AAAA;AAAA;AAAA,eAA0E;AAAA,QAC1E,uBAAC,UAAK,WAAU,mCAAkC,GAAE,kDAApD;AAAA;AAAA;AAAA;AAAA,eAAmG;AAAA,QACnG,uBAAC,YAAO,WAAU,mCAAkC,IAAG,MAAK,IAAG,MAAK,GAAE,OAAtE;AAAA;AAAA;AAAA;AAAA,eAA0E;AAAA;AAAA;AAAA,IAhB5E;AAAA;AAAA;AAAA;AAAA;AAAA;AAAA;AAAA;AAAA,EAiBA;AAEJ;AAACC,MArBQD;AAuBT,SAASE,UAAU;AACjB,SACE;AAAA,IAAC;AAAA;AAAA,MACC,WAAU;AAAA,MACV,OAAM;AAAA,MACN,OAAM;AAAA,MACN,QAAO;AAAA,MACP,SAAQ;AAAA,MACR,MAAK;AAAA,MACL,QAAO;AAAA,MACP,aAAY;AAAA,MACZ,eAAc;AAAA,MACd,gBAAe;AAAA,MACf,iCAAC,UAAK,GAAE,qNAAR;AAAA;AAAA;AAAA;AAAA,aAAyN;AAAA;AAAA,IAX3N;AAAA;AAAA;AAAA;AAAA;AAAA;AAAA;AAAA;AAAA,EAYA;AAEJ;AAACC,MAhBQD;AAkBT,SAASE,aAAa;AACpB,SACE;AAAA,IAAC;AAAA;AAAA,MACC,WAAU;AAAA,MACV,OAAM;AAAA,MACN,OAAM;AAAA,MACN,QAAO;AAAA,MACP,SAAQ;AAAA,MACR,MAAK;AAAA,MACL,QAAO;AAAA,MACP,aAAY;AAAA,MACZ,eAAc;AAAA,MACd,gBAAe;AAAA,MACf;AAAA,+BAAC,UAAK,GAAE,+CAAR;AAAA;AAAA;AAAA;AAAA,eAAmD;AAAA,QACnD,uBAAC,YAAO,IAAG,MAAK,IAAG,KAAI,GAAE,OAAzB;AAAA;AAAA;AAAA;AAAA,eAA4B;AAAA;AAAA;AAAA,IAZ9B;AAAA;AAAA;AAAA;AAAA;AAAA;AAAA;AAAA;AAAA,EAaA;AAEJ;AAACC,MAjBQD;AAmBT,SAASE,YAAY;AACnB,SACE;AAAA,IAAC;AAAA;AAAA,MACC,WAAU;AAAA,MACV,OAAM;AAAA,MACN,OAAM;AAAA,MACN,QAAO;AAAA,MACP,SAAQ;AAAA,MACR,MAAK;AAAA,MACL,QAAO;AAAA,MACP,aAAY;AAAA,MACZ,eAAc;AAAA,MACd,gBAAe;AAAA,MACf;AAAA,+BAAC,UAAK,OAAM,MAAK,QAAO,MAAK,GAAE,KAAI,GAAE,KAAI,IAAG,OAA5C;AAAA;AAAA;AAAA;AAAA,eAA+C;AAAA,QAC/C,uBAAC,UAAK,GAAE,+CAAR;AAAA;AAAA;AAAA;AAAA,eAAmD;AAAA;AAAA;AAAA,IAZrD;AAAA;AAAA;AAAA;AAAA;AAAA;AAAA;AAAA;AAAA,EAaA;AAEJ;AAACC,MAjBQD;AAmBT,SAASE,YAAY;AACnB,SACE;AAAA,IAAC;AAAA;AAAA,MACC,WAAU;AAAA,MACV,OAAM;AAAA,MACN,OAAM;AAAA,MACN,QAAO;AAAA,MACP,SAAQ;AAAA,MACR,MAAK;AAAA,MACL,QAAO;AAAA,MACP,aAAY;AAAA,MACZ,eAAc;AAAA,MACd,gBAAe;AAAA,MACf;AAAA,+BAAC,UAAK,GAAE,oDAAR;AAAA;AAAA;AAAA;AAAA,eAAyD;AAAA,QACzD,uBAAC,cAAS,QAAO,2BAAjB;AAAA;AAAA;AAAA;AAAA,eAAyC;AAAA;AAAA;AAAA,IAZ3C;AAAA;AAAA;AAAA;AAAA;AAAA;AAAA;AAAA;AAAA,EAaA;AAEJ;AAACC,MAjBQD;AAmBT,SAASE,YAAY;AACnB,SACE;AAAA,IAAC;AAAA;AAAA,MACC,WAAU;AAAA,MACV,OAAM;AAAA,MACN,OAAM;AAAA,MACN,QAAO;AAAA,MACP,SAAQ;AAAA,MACR,MAAK;AAAA,MACL,QAAO;AAAA,MACP,aAAY;AAAA,MACZ,eAAc;AAAA,MACd,gBAAe;AAAA,MACf;AAAA,QAAC;AAAA;AAAA,UACC,eAAc;AAAA,UACd,gBAAe;AAAA,UACf,GAAE;AAAA;AAAA,QAHJ;AAAA;AAAA;AAAA;AAAA;AAAA;AAAA;AAAA;AAAA,MAGuhB;AAAA;AAAA,IAdzhB;AAAA;AAAA;AAAA;AAAA;AAAA;AAAA;AAAA;AAAA,EAgBA;AAEJ;AAACC,MApBQD;AA0BT,SAASE,cAAcC,OAA2B;AAChD,QAAMC,iBAAiB,+BAA+BD,MAAME,SAAS;AAErE,SACE;AAAA,IAAC;AAAA;AAAA,MACC,WAAWD;AAAAA,MACX,OAAM;AAAA,MACN,OAAM;AAAA,MACN,QAAO;AAAA,MACP,SAAQ;AAAA,MACR,MAAK;AAAA,MACL,QAAO;AAAA,MACP,aAAY;AAAA,MACZ,eAAc;AAAA,MACd,gBAAe;AAAA,MACf;AAAA,+BAAC,UAAK,IAAG,KAAI,IAAG,MAAK,IAAG,KAAI,IAAG,OAA/B;AAAA;AAAA;AAAA;AAAA,eAAkC;AAAA,QAClC,uBAAC,UAAK,IAAG,KAAI,IAAG,MAAK,IAAG,MAAK,IAAG,QAAhC;AAAA;AAAA;AAAA;AAAA,eAAoC;AAAA,QACpC,uBAAC,UAAK,IAAG,KAAI,IAAG,MAAK,IAAG,MAAK,IAAG,QAAhC;AAAA;AAAA;AAAA;AAAA,eAAoC;AAAA;AAAA;AAAA,IAbtC;AAAA;AAAA;AAAA;AAAA;AAAA;AAAA;AAAA;AAAA,EAcA;AAEJ;AAACE,MApBQJ;AAyBT,SAASK,UAAUJ,OAAuB;AACxC,QAAMC,iBAAiB,+BAA+BD,MAAME,SAAS;AACrE,SACE;AAAA,IAAC;AAAA;AAAA,MACC,WAAWD;AAAAA,MACX,OAAM;AAAA,MACN,OAAM;AAAA,MACN,QAAO;AAAA,MACP,SAAQ;AAAA,MACR,MAAK;AAAA,MACL,QAAO;AAAA,MACP,aAAY;AAAA,MACZ,eAAc;AAAA,MACd,gBAAe;AAAA,MACf;AAAA,+BAAC,UAAK,GAAE,gBAAR;AAAA;AAAA;AAAA;AAAA,eAAoB;AAAA,QACpB,uBAAC,UAAK,GAAE,gBAAR;AAAA;AAAA;AAAA;AAAA,eAAoB;AAAA;AAAA;AAAA,IAZtB;AAAA;AAAA;AAAA;AAAA;AAAA;AAAA;AAAA;AAAA,EAaA;AAEJ;AAACI,MAlBQD;AAoBT,SAASE,kBAAkB;AACzB,SACE;AAAA,IAAC;AAAA;AAAA,MACC,WAAU;AAAA,MAEV,OAAM;AAAA,MACN,QAAO;AAAA,MACP,SAAQ;AAAA,MACR,MAAK;AAAA,MACL,QAAO;AAAA,MACP,aAAY;AAAA,MACZ,eAAc;AAAA,MACd,gBAAe;AAAA,MACf,iCAAC,UAAK,GAAE,mBAAR;AAAA;AAAA;AAAA;AAAA,aAAwB;AAAA;AAAA,IAX1B;AAAA;AAAA;AAAA;AAAA;AAAA;AAAA;AAAA;AAAA,EAYA;AAEJ;AAACC,OAhBQD;AAkBT;AAAA,EACEzB;AAAAA,EACAE;AAAAA,EACAM;AAAAA,EACAJ;AAAAA,EACAE;AAAAA,EACAI;AAAAA,EACAE;AAAAA,EACAI;AAAAA,EACAO;AAAAA,EACAT;AAAAA,EACAI;AAAAA,EACAO;AAAAA;AACA,IAAAxB,IAAAE,KAAAE,KAAAE,KAAAE,KAAAE,KAAAE,KAAAE,KAAAE,KAAAK,KAAAE,KAAAE;AAAA,aAAAzB,IAAA;AAAA,aAAAE,KAAA;AAAA,aAAAE,KAAA;AAAA,aAAAE,KAAA;AAAA,aAAAE,KAAA;AAAA,aAAAE,KAAA;AAAA,aAAAE,KAAA;AAAA,aAAAE,KAAA;AAAA,aAAAE,KAAA;AAAA,aAAAK,KAAA;AAAA,aAAAE,KAAA;AAAA,aAAAE,MAAA","names":["TrashIcon","_c","LocationIcon","_c2","CautionIcon","_c3","CloseEyeIcon","_c4","KeyIcon","_c5","PersonIcon","_c6","EmailIcon","_c7","HouseIcon","_c8","StoreIcon","_c9","HamburgerIcon","props","finalClassName","className","_c0","CloseIcon","_c1","GreaterThanIcon","_c10"],"ignoreList":[],"sources":["/Users/jayellis/projects/byu/cs329/jwt-pizza/src/icons.tsx"],"file":"/Users/jayellis/projects/byu/cs329/jwt-pizza/src/icons.tsx"},"_coverageSchema":"1a1c01bbd47fc00a2c39e90264f33305004495a9","hash":"cea56ba407b9dadb470b14c9f5983cd048cefb87"},"/Users/jayellis/projects/byu/cs329/jwt-pizza/src/app/header.tsx":{"path":"/Users/jayellis/projects/byu/cs329/jwt-pizza/src/app/header.tsx","statementMap":{"0":{"start":{"line":6,"column":4},"end":{"line":6,"column":41}},"1":{"start":{"line":6,"column":36},"end":{"line":6,"column":39}},"2":{"start":{"line":9,"column":18},"end":{"line":9,"column":49}},"3":{"start":{"line":10,"column":4},"end":{"line":10,"column":106}},"4":{"start":{"line":12,"column":2},"end":{"line":105,"column":11}},"5":{"start":{"line":62,"column":6},"end":{"line":66,"column":15}},"6":{"start":{"line":107,"column":0},"end":{"line":107,"column":12}},"7":{"start":{"line":109,"column":0},"end":{"line":109,"column":27}},"8":{"start":{"line":111,"column":20},"end":{"line":111,"column":97}},"9":{"start":{"line":112,"column":0},"end":{"line":128,"column":1}},"10":{"start":{"line":113,"column":2},"end":{"line":117,"column":3}},"11":{"start":{"line":114,"column":4},"end":{"line":116,"column":6}},"12":{"start":{"line":118,"column":2},"end":{"line":127,"column":5}},"13":{"start":{"line":119,"column":4},"end":{"line":119,"column":133}},"14":{"start":{"line":120,"column":4},"end":{"line":126,"column":7}},"15":{"start":{"line":121,"column":6},"end":{"line":122,"column":15}},"16":{"start":{"line":122,"column":8},"end":{"line":122,"column":15}},"17":{"start":{"line":123,"column":32},"end":{"line":123,"column":182}},"18":{"start":{"line":124,"column":6},"end":{"line":125,"column":54}},"19":{"start":{"line":125,"column":8},"end":{"line":125,"column":54}},"20":{"start":{"line":130,"column":2},"end":{"line":130,"column":112}},"21":{"start":{"line":133,"column":2},"end":{"line":133,"column":62}}},"fnMap":{"0":{"name":"Header","decl":{"start":{"line":4,"column":24},"end":{"line":4,"column":30}},"loc":{"start":{"line":4,"column":38},"end":{"line":106,"column":1}},"line":4},"1":{"name":"validateConstraints","decl":{"start":{"line":5,"column":11},"end":{"line":5,"column":30}},"loc":{"start":{"line":5,"column":44},"end":{"line":7,"column":3}},"line":5},"2":{"name":"(anonymous_2)","decl":{"start":{"line":6,"column":29},"end":{"line":6,"column":30}},"loc":{"start":{"line":6,"column":36},"end":{"line":6,"column":39}},"line":6},"3":{"name":"generateUserText","decl":{"start":{"line":8,"column":11},"end":{"line":8,"column":27}},"loc":{"start":{"line":8,"column":34},"end":{"line":11,"column":3}},"line":8},"4":{"name":"(anonymous_4)","decl":{"start":{"line":61,"column":326},"end":{"line":61,"column":327}},"loc":{"start":{"line":61,"column":336},"end":{"line":67,"column":5}},"line":61},"5":{"name":"(anonymous_5)","decl":{"start":{"line":118,"column":52},"end":{"line":118,"column":53}},"loc":{"start":{"line":118,"column":72},"end":{"line":127,"column":3}},"line":118},"6":{"name":"(anonymous_6)","decl":{"start":{"line":120,"column":27},"end":{"line":120,"column":28}},"loc":{"start":{"line":120,"column":44},"end":{"line":126,"column":5}},"line":120},"7":{"name":"$RefreshReg$","decl":{"start":{"line":129,"column":9},"end":{"line":129,"column":21}},"loc":{"start":{"line":129,"column":32},"end":{"line":131,"column":1}},"line":129},"8":{"name":"$RefreshSig$","decl":{"start":{"line":132,"column":9},"end":{"line":132,"column":21}},"loc":{"start":{"line":132,"column":24},"end":{"line":134,"column":1}},"line":132}},"branchMap":{"0":{"loc":{"start":{"line":9,"column":18},"end":{"line":9,"column":49}},"type":"binary-expr","locations":[{"start":{"line":9,"column":18},"end":{"line":9,"column":40}},{"start":{"line":9,"column":44},"end":{"line":9,"column":49}}],"line":9},"1":{"loc":{"start":{"line":10,"column":11},"end":{"line":10,"column":105}},"type":"cond-expr","locations":[{"start":{"line":10,"column":30},"end":{"line":10,"column":84}},{"start":{"line":10,"column":87},"end":{"line":10,"column":105}}],"line":10},"2":{"loc":{"start":{"line":62,"column":13},"end":{"line":66,"column":14}},"type":"binary-expr","locations":[{"start":{"line":62,"column":13},"end":{"line":62,"column":41}},{"start":{"line":62,"column":46},"end":{"line":62,"column":63}},{"start":{"line":62,"column":67},"end":{"line":62,"column":104}},{"start":{"line":62,"column":125},"end":{"line":66,"column":14}}],"line":62},"3":{"loc":{"start":{"line":76,"column":4},"end":{"line":92,"column":12}},"type":"binary-expr","locations":[{"start":{"line":76,"column":4},"end":{"line":76,"column":14}},{"start":{"line":76,"column":34},"end":{"line":92,"column":12}}],"line":76},"4":{"loc":{"start":{"line":111,"column":20},"end":{"line":111,"column":97}},"type":"binary-expr","locations":[{"start":{"line":111,"column":20},"end":{"line":111,"column":60}},{"start":{"line":111,"column":64},"end":{"line":111,"column":97}}],"line":111},"5":{"loc":{"start":{"line":112,"column":0},"end":{"line":128,"column":1}},"type":"if","locations":[{"start":{"line":112,"column":0},"end":{"line":128,"column":1}},{"start":{},"end":{}}],"line":112},"6":{"loc":{"start":{"line":112,"column":4},"end":{"line":112,"column":35}},"type":"binary-expr","locations":[{"start":{"line":112,"column":4},"end":{"line":112,"column":19}},{"start":{"line":112,"column":23},"end":{"line":112,"column":35}}],"line":112},"7":{"loc":{"start":{"line":113,"column":2},"end":{"line":117,"column":3}},"type":"if","locations":[{"start":{"line":113,"column":2},"end":{"line":117,"column":3}},{"start":{},"end":{}}],"line":113},"8":{"loc":{"start":{"line":121,"column":6},"end":{"line":122,"column":15}},"type":"if","locations":[{"start":{"line":121,"column":6},"end":{"line":122,"column":15}},{"start":{},"end":{}}],"line":121},"9":{"loc":{"start":{"line":124,"column":6},"end":{"line":125,"column":54}},"type":"if","locations":[{"start":{"line":124,"column":6},"end":{"line":125,"column":54}},{"start":{},"end":{}}],"line":124}},"s":{"0":5,"1":5,"2":0,"3":0,"4":1,"5":18,"6":1,"7":1,"8":1,"9":1,"10":1,"11":0,"12":1,"13":1,"14":1,"15":0,"16":0,"17":0,"18":0,"19":0,"20":1,"21":0},"f":{"0":1,"1":5,"2":5,"3":0,"4":18,"5":1,"6":0,"7":1,"8":0},"b":{"0":[0,0],"1":[0,0],"2":[18,6,5,4],"3":[1,0],"4":[1,0],"5":[1,0],"6":[1,1],"7":[0,1],"8":[0,0],"9":[0,0]},"inputSourceMap":{"version":3,"mappings":"AAyBY;AAxBZ,SAASA,eAAe;AACxB,SAASC,eAAeC,iBAAiB;AAQzC,wBAAwBC,OAAOC,OAAc;AAC3C,WAASC,oBAAoBC,aAAgC;AAC3D,WAAOA,YAAYC,MAAM,CAACC,MAAMA,EAAE,CAAC;AAAA,EACrC;AAEA,WAASC,iBAAiBC,MAAY;AACpC,UAAMC,QAAQD,MAAME,MAAMC,MAAM,GAAG,KAAK,CAAC,GAAG;AAC5C,WAAOF,MAAMG,SAAS,IAAIH,MAAM,CAAC,EAAEI,OAAO,CAAC,IAAIJ,MAAMA,MAAMG,SAAS,CAAC,EAAEC,OAAO,CAAC,IAAIJ,MAAM,CAAC,EAAEI,OAAO,CAAC;AAAA,EACtG;AAEA,SACE,uBAAC,SAAI,WAAU,aACb,iCAAC,YAAO,WAAU,kFAChB,iCAAC,SAAI,WAAU,gFAA+E,cAAW,UACvG;AAAA,2BAAC,SAAI,WAAU,qCACb;AAAA,6BAAC,SAAI,WAAU,YAAW,KAAI,yBAA9B;AAAA;AAAA;AAAA;AAAA,aAAmD;AAAA,MACnD,uBAAC,UAAK,WAAU,gHAA+G,yBAA/H;AAAA;AAAA;AAAA;AAAA,aAAwI;AAAA,MACxI,uBAAC,SAAI,WAAU,aACb;AAAA,QAAC;AAAA;AAAA,UACC,MAAK;AAAA,UACL,WAAU;AAAA,UACV,oBAAiB;AAAA,UAEjB;AAAA,mCAAC,iBAAc,WAAU,6BAAzB;AAAA;AAAA;AAAA;AAAA,mBAAkD;AAAA,YAClD,uBAAC,aAAU,WAAU,mCAArB;AAAA;AAAA;AAAA;AAAA,mBAAoD;AAAA;AAAA;AAAA,QANtD;AAAA;AAAA;AAAA;AAAA;AAAA;AAAA;AAAA;AAAA,MAOA,KARF;AAAA;AAAA;AAAA;AAAA,aASA;AAAA,SAZF;AAAA;AAAA;AAAA;AAAA,WAaA;AAAA,IACA,uBAAC,SAAI,IAAG,eAAc,WAAU,2FAC9B,iCAAC,SAAI,WAAU,uFACZX,gBAAMY,SAASC,IAAI,CAACC,SAAS;AAC5B,aACEA,KAAKC,QAAQC,SAAS,KAAK,MAC1B,CAACF,KAAKZ,eAAeD,oBAAoBa,KAAKZ,WAAW,MACxD,uBAAC,WAAyB,WAAU,oDAAmD,IAAIY,KAAKG,GAAGC,QAAQ,cAAc,EAAE,GACxHJ,eAAKK,SADML,KAAKK,OAAnB;AAAA;AAAA;AAAA;AAAA,aAEA;AAAA,IAGN,CAAC,KAVH;AAAA;AAAA;AAAA;AAAA,WAWA,KAZF;AAAA;AAAA;AAAA;AAAA,WAaA;AAAA,IACCnB,MAAMM,QACL,uBAAC,WAAQ,WAAU,oDAAmD,IAAG,mBACvE,iCAAC,SAAI,WAAU,iDACb,iCAAC,SAAI,WAAU,wDACb,iCAAC,UAAK,WAAU,wHACbD,2BAAiBL,MAAMM,IAAI,KAD9B;AAAA;AAAA;AAAA;AAAA,WAEA,KAHF;AAAA;AAAA;AAAA;AAAA,WAIA,KALF;AAAA;AAAA;AAAA;AAAA,WAMA,KAPF;AAAA;AAAA;AAAA;AAAA,WAQA;AAAA,OAtCJ;AAAA;AAAA;AAAA;AAAA,SAwCA,KAzCF;AAAA;AAAA;AAAA;AAAA,SA0CA,KA3CF;AAAA;AAAA;AAAA;AAAA,SA4CA;AAEJ;AAACc,KAzDuBrB;AAAM,IAAAqB;AAAA,aAAAA,IAAA","names":["NavLink","HamburgerIcon","CloseIcon","Header","props","validateConstraints","constraints","every","c","generateUserText","user","names","name","split","length","charAt","navItems","map","item","display","includes","to","replace","title","_c"],"ignoreList":[],"sources":["/Users/jayellis/projects/byu/cs329/jwt-pizza/src/app/header.tsx"],"file":"/Users/jayellis/projects/byu/cs329/jwt-pizza/src/app/header.tsx"},"_coverageSchema":"1a1c01bbd47fc00a2c39e90264f33305004495a9","hash":"570f659fbd6c9d9bd8d850b84655691f26834209"},"/Users/jayellis/projects/byu/cs329/jwt-pizza/src/app/footer.tsx":{"path":"/Users/jayellis/projects/byu/cs329/jwt-pizza/src/app/footer.tsx","statementMap":{"0":{"start":{"line":2,"column":9},"end":{"line":2,"column":23}},"1":{"start":{"line":6,"column":2},"end":{"line":6,"column":7}},"2":{"start":{"line":7,"column":32},"end":{"line":7,"column":50}},"3":{"start":{"line":8,"column":2},"end":{"line":10,"column":9}},"4":{"start":{"line":9,"column":4},"end":{"line":9,"column":104}},"5":{"start":{"line":9,"column":46},"end":{"line":9,"column":61}},"6":{"start":{"line":9,"column":78},"end":{"line":9,"column":102}},"7":{"start":{"line":11,"column":2},"end":{"line":50,"column":11}},"8":{"start":{"line":13,"column":16},"end":{"line":28,"column":7}},"9":{"start":{"line":52,"column":0},"end":{"line":52,"column":43}},"10":{"start":{"line":53,"column":0},"end":{"line":53,"column":12}},"11":{"start":{"line":55,"column":0},"end":{"line":55,"column":27}},"12":{"start":{"line":57,"column":20},"end":{"line":57,"column":97}},"13":{"start":{"line":58,"column":0},"end":{"line":74,"column":1}},"14":{"start":{"line":59,"column":2},"end":{"line":63,"column":3}},"15":{"start":{"line":60,"column":4},"end":{"line":62,"column":6}},"16":{"start":{"line":64,"column":2},"end":{"line":73,"column":5}},"17":{"start":{"line":65,"column":4},"end":{"line":65,"column":133}},"18":{"start":{"line":66,"column":4},"end":{"line":72,"column":7}},"19":{"start":{"line":67,"column":6},"end":{"line":68,"column":15}},"20":{"start":{"line":68,"column":8},"end":{"line":68,"column":15}},"21":{"start":{"line":69,"column":32},"end":{"line":69,"column":182}},"22":{"start":{"line":70,"column":6},"end":{"line":71,"column":54}},"23":{"start":{"line":71,"column":8},"end":{"line":71,"column":54}},"24":{"start":{"line":76,"column":2},"end":{"line":76,"column":112}},"25":{"start":{"line":79,"column":2},"end":{"line":79,"column":62}}},"fnMap":{"0":{"name":"Footer","decl":{"start":{"line":5,"column":24},"end":{"line":5,"column":30}},"loc":{"start":{"line":5,"column":38},"end":{"line":51,"column":1}},"line":5},"1":{"name":"(anonymous_1)","decl":{"start":{"line":8,"column":18},"end":{"line":8,"column":19}},"loc":{"start":{"line":8,"column":24},"end":{"line":10,"column":3}},"line":8},"2":{"name":"(anonymous_2)","decl":{"start":{"line":9,"column":32},"end":{"line":9,"column":33}},"loc":{"start":{"line":9,"column":46},"end":{"line":9,"column":61}},"line":9},"3":{"name":"(anonymous_3)","decl":{"start":{"line":9,"column":68},"end":{"line":9,"column":69}},"loc":{"start":{"line":9,"column":78},"end":{"line":9,"column":102}},"line":9},"4":{"name":"(anonymous_4)","decl":{"start":{"line":13,"column":6},"end":{"line":13,"column":7}},"loc":{"start":{"line":13,"column":16},"end":{"line":28,"column":7}},"line":13},"5":{"name":"(anonymous_5)","decl":{"start":{"line":64,"column":52},"end":{"line":64,"column":53}},"loc":{"start":{"line":64,"column":72},"end":{"line":73,"column":3}},"line":64},"6":{"name":"(anonymous_6)","decl":{"start":{"line":66,"column":27},"end":{"line":66,"column":28}},"loc":{"start":{"line":66,"column":44},"end":{"line":72,"column":5}},"line":66},"7":{"name":"$RefreshReg$","decl":{"start":{"line":75,"column":9},"end":{"line":75,"column":21}},"loc":{"start":{"line":75,"column":32},"end":{"line":77,"column":1}},"line":75},"8":{"name":"$RefreshSig$","decl":{"start":{"line":78,"column":9},"end":{"line":78,"column":21}},"loc":{"start":{"line":78,"column":24},"end":{"line":80,"column":1}},"line":78}},"branchMap":{"0":{"loc":{"start":{"line":13,"column":16},"end":{"line":28,"column":7}},"type":"binary-expr","locations":[{"start":{"line":13,"column":16},"end":{"line":13,"column":47}},{"start":{"line":13,"column":67},"end":{"line":28,"column":7}}],"line":13},"1":{"loc":{"start":{"line":57,"column":20},"end":{"line":57,"column":97}},"type":"binary-expr","locations":[{"start":{"line":57,"column":20},"end":{"line":57,"column":60}},{"start":{"line":57,"column":64},"end":{"line":57,"column":97}}],"line":57},"2":{"loc":{"start":{"line":58,"column":0},"end":{"line":74,"column":1}},"type":"if","locations":[{"start":{"line":58,"column":0},"end":{"line":74,"column":1}},{"start":{},"end":{}}],"line":58},"3":{"loc":{"start":{"line":58,"column":4},"end":{"line":58,"column":35}},"type":"binary-expr","locations":[{"start":{"line":58,"column":4},"end":{"line":58,"column":19}},{"start":{"line":58,"column":23},"end":{"line":58,"column":35}}],"line":58},"4":{"loc":{"start":{"line":59,"column":2},"end":{"line":63,"column":3}},"type":"if","locations":[{"start":{"line":59,"column":2},"end":{"line":63,"column":3}},{"start":{},"end":{}}],"line":59},"5":{"loc":{"start":{"line":67,"column":6},"end":{"line":68,"column":15}},"type":"if","locations":[{"start":{"line":67,"column":6},"end":{"line":68,"column":15}},{"start":{},"end":{}}],"line":67},"6":{"loc":{"start":{"line":70,"column":6},"end":{"line":71,"column":54}},"type":"if","locations":[{"start":{"line":70,"column":6},"end":{"line":71,"column":54}},{"start":{},"end":{}}],"line":70}},"s":{"0":1,"1":2,"2":2,"3":2,"4":1,"5":1,"6":1,"7":2,"8":36,"9":1,"10":1,"11":1,"12":1,"13":1,"14":1,"15":0,"16":1,"17":1,"18":1,"19":0,"20":0,"21":0,"22":0,"23":0,"24":1,"25":1},"f":{"0":2,"1":1,"2":1,"3":1,"4":36,"5":1,"6":0,"7":1,"8":1},"b":{"0":[36,6],"1":[1,0],"2":[1,0],"3":[1,1],"4":[0,1],"5":[0,0],"6":[0,0]},"inputSourceMap":{"version":3,"mappings":"AAuBgB;;AAvBhB,OAAOA,WAAW;AAClB,SAASC,eAAe;AAMxB,wBAAwBC,OAAOC,OAAc;AAAAC,KAAA;AAC3C,QAAM,CAACC,SAASC,UAAU,IAAIN,MAAMO,SAAS,EAAE;AAE/CP,QAAMQ,UAAU,MAAM;AACpBC,UAAM,eAAe,EAClBC,KAAK,CAACC,aAAaA,SAASC,KAAK,CAAC,EAClCF,KAAK,CAACG,SAASP,WAAWO,KAAKR,OAAO,CAAC;AAAA,EAC5C,GAAG,EAAE;AAEL,SACE,uBAAC,YAAO,WAAU,2BAChB,iCAAC,SAAI,WAAU,kDACb;AAAA,2BAAC,SAAI,WAAU,0CACZF,gBAAMW,SAASC;AAAAA,MACd,CAACC,SACCA,KAAKC,QAAQC,SAAS,QAAQ,KAC5B;AAAA,QAAC;AAAA;AAAA,UAEC,WAAU;AAAA,UACV,IAAIF,KAAKG;AAAAA,UACRH,eAAKI;AAAAA;AAAAA,QAHDJ,KAAKI;AAAAA,QADZ;AAAA;AAAA;AAAA;AAAA;AAAA;AAAA;AAAA,MAKA;AAAA,IAEN,KAXF;AAAA;AAAA;AAAA;AAAA,WAYA;AAAA,IACA,uBAAC,OAAE,WAAU,4CAA2C;AAAA;AAAA,MAAqDf;AAAAA,SAA7G;AAAA;AAAA;AAAA;AAAA,WAAqH;AAAA,OAdvH;AAAA;AAAA;AAAA;AAAA,SAeA,KAhBF;AAAA;AAAA;AAAA;AAAA,SAiBA;AAEJ;AAACD,GA7BuBF,QAAM;AAAA,KAANA;AAAM,IAAAmB;AAAA,aAAAA,IAAA","names":["React","NavLink","Footer","props","_s","version","setVersion","useState","useEffect","fetch","then","response","json","data","navItems","map","item","display","includes","to","title","_c"],"ignoreList":[],"sources":["/Users/jayellis/projects/byu/cs329/jwt-pizza/src/app/footer.tsx"],"file":"/Users/jayellis/projects/byu/cs329/jwt-pizza/src/app/footer.tsx"},"_coverageSchema":"1a1c01bbd47fc00a2c39e90264f33305004495a9","hash":"e89acdaa6815e722678222f2e470af0ad66ca1f9"},"/Users/jayellis/projects/byu/cs329/jwt-pizza/src/views/view.tsx":{"path":"/Users/jayellis/projects/byu/cs329/jwt-pizza/src/views/view.tsx","statementMap":{"0":{"start":{"line":3,"column":2},"end":{"line":30,"column":11}},"1":{"start":{"line":32,"column":0},"end":{"line":32,"column":10}},"2":{"start":{"line":34,"column":0},"end":{"line":34,"column":25}},"3":{"start":{"line":36,"column":20},"end":{"line":36,"column":97}},"4":{"start":{"line":37,"column":0},"end":{"line":53,"column":1}},"5":{"start":{"line":38,"column":2},"end":{"line":42,"column":3}},"6":{"start":{"line":39,"column":4},"end":{"line":41,"column":6}},"7":{"start":{"line":43,"column":2},"end":{"line":52,"column":5}},"8":{"start":{"line":44,"column":4},"end":{"line":44,"column":133}},"9":{"start":{"line":45,"column":4},"end":{"line":51,"column":7}},"10":{"start":{"line":46,"column":6},"end":{"line":47,"column":15}},"11":{"start":{"line":47,"column":8},"end":{"line":47,"column":15}},"12":{"start":{"line":48,"column":32},"end":{"line":48,"column":182}},"13":{"start":{"line":49,"column":6},"end":{"line":50,"column":54}},"14":{"start":{"line":50,"column":8},"end":{"line":50,"column":54}},"15":{"start":{"line":55,"column":2},"end":{"line":55,"column":112}},"16":{"start":{"line":58,"column":2},"end":{"line":58,"column":62}}},"fnMap":{"0":{"name":"View","decl":{"start":{"line":2,"column":24},"end":{"line":2,"column":28}},"loc":{"start":{"line":2,"column":36},"end":{"line":31,"column":1}},"line":2},"1":{"name":"(anonymous_1)","decl":{"start":{"line":43,"column":52},"end":{"line":43,"column":53}},"loc":{"start":{"line":43,"column":72},"end":{"line":52,"column":3}},"line":43},"2":{"name":"(anonymous_2)","decl":{"start":{"line":45,"column":27},"end":{"line":45,"column":28}},"loc":{"start":{"line":45,"column":44},"end":{"line":51,"column":5}},"line":45},"3":{"name":"$RefreshReg$","decl":{"start":{"line":54,"column":9},"end":{"line":54,"column":21}},"loc":{"start":{"line":54,"column":32},"end":{"line":56,"column":1}},"line":54},"4":{"name":"$RefreshSig$","decl":{"start":{"line":57,"column":9},"end":{"line":57,"column":21}},"loc":{"start":{"line":57,"column":24},"end":{"line":59,"column":1}},"line":57}},"branchMap":{"0":{"loc":{"start":{"line":36,"column":20},"end":{"line":36,"column":97}},"type":"binary-expr","locations":[{"start":{"line":36,"column":20},"end":{"line":36,"column":60}},{"start":{"line":36,"column":64},"end":{"line":36,"column":97}}],"line":36},"1":{"loc":{"start":{"line":37,"column":0},"end":{"line":53,"column":1}},"type":"if","locations":[{"start":{"line":37,"column":0},"end":{"line":53,"column":1}},{"start":{},"end":{}}],"line":37},"2":{"loc":{"start":{"line":37,"column":4},"end":{"line":37,"column":35}},"type":"binary-expr","locations":[{"start":{"line":37,"column":4},"end":{"line":37,"column":19}},{"start":{"line":37,"column":23},"end":{"line":37,"column":35}}],"line":37},"3":{"loc":{"start":{"line":38,"column":2},"end":{"line":42,"column":3}},"type":"if","locations":[{"start":{"line":38,"column":2},"end":{"line":42,"column":3}},{"start":{},"end":{}}],"line":38},"4":{"loc":{"start":{"line":46,"column":6},"end":{"line":47,"column":15}},"type":"if","locations":[{"start":{"line":46,"column":6},"end":{"line":47,"column":15}},{"start":{},"end":{}}],"line":46},"5":{"loc":{"start":{"line":49,"column":6},"end":{"line":50,"column":54}},"type":"if","locations":[{"start":{"line":49,"column":6},"end":{"line":50,"column":54}},{"start":{},"end":{}}],"line":49}},"s":{"0":1,"1":1,"2":1,"3":1,"4":1,"5":1,"6":0,"7":1,"8":1,"9":1,"10":0,"11":0,"12":0,"13":0,"14":0,"15":1,"16":0},"f":{"0":1,"1":1,"2":0,"3":1,"4":0},"b":{"0":[1,0],"1":[1,0],"2":[1,1],"3":[0,1],"4":[0,0],"5":[0,0]},"inputSourceMap":{"version":3,"mappings":"AASI,mBAKU,cALV;AAFJ,wBAAwBA,KAAKC,OAAc;AACzC,SACE,mCACE,iCAAC,SAAI,WAAU,qEACb,iCAAC,SACC;AAAA,2BAAC,SAAI,WAAU,6CACb,iCAAC,QAAG,WAAU,+CACZ,iCAAC,UAAK,WAAU,iFAAiFA,gBAAMC,SAAvG;AAAA;AAAA;AAAA;AAAA,WAA6G,KAD/G;AAAA;AAAA;AAAA;AAAA,WAEA,KAHF;AAAA;AAAA;AAAA;AAAA,WAIA;AAAA,IAECD,MAAME;AAAAA,OAPT;AAAA;AAAA;AAAA;AAAA,SAQA,KATF;AAAA;AAAA;AAAA;AAAA,SAUA,KAXF;AAAA;AAAA;AAAA;AAAA,SAYA;AAEJ;AAACC,KAhBuBJ;AAAI,IAAAI;AAAA,aAAAA,IAAA","names":["View","props","title","children","_c"],"ignoreList":[],"sources":["/Users/jayellis/projects/byu/cs329/jwt-pizza/src/views/view.tsx"],"file":"/Users/jayellis/projects/byu/cs329/jwt-pizza/src/views/view.tsx"},"_coverageSchema":"1a1c01bbd47fc00a2c39e90264f33305004495a9","hash":"e98f6700c7cd64f6195d8b0e39eb2698b11ad7bf"},"/Users/jayellis/projects/byu/cs329/jwt-pizza/src/components/carousel.tsx":{"path":"/Users/jayellis/projects/byu/cs329/jwt-pizza/src/components/carousel.tsx","statementMap":{"0":{"start":{"line":3,"column":2},"end":{"line":43,"column":11}},"1":{"start":{"line":5,"column":40},"end":{"line":9,"column":14}},"2":{"start":{"line":20,"column":36},"end":{"line":33,"column":7}},"3":{"start":{"line":45,"column":0},"end":{"line":45,"column":14}},"4":{"start":{"line":47,"column":0},"end":{"line":47,"column":29}},"5":{"start":{"line":49,"column":20},"end":{"line":49,"column":97}},"6":{"start":{"line":50,"column":0},"end":{"line":66,"column":1}},"7":{"start":{"line":51,"column":2},"end":{"line":55,"column":3}},"8":{"start":{"line":52,"column":4},"end":{"line":54,"column":6}},"9":{"start":{"line":56,"column":2},"end":{"line":65,"column":5}},"10":{"start":{"line":57,"column":4},"end":{"line":57,"column":142}},"11":{"start":{"line":58,"column":4},"end":{"line":64,"column":7}},"12":{"start":{"line":59,"column":6},"end":{"line":60,"column":15}},"13":{"start":{"line":60,"column":8},"end":{"line":60,"column":15}},"14":{"start":{"line":61,"column":32},"end":{"line":61,"column":191}},"15":{"start":{"line":62,"column":6},"end":{"line":63,"column":54}},"16":{"start":{"line":63,"column":8},"end":{"line":63,"column":54}},"17":{"start":{"line":68,"column":2},"end":{"line":68,"column":121}},"18":{"start":{"line":71,"column":2},"end":{"line":71,"column":62}}},"fnMap":{"0":{"name":"Carousel","decl":{"start":{"line":2,"column":24},"end":{"line":2,"column":32}},"loc":{"start":{"line":2,"column":40},"end":{"line":44,"column":1}},"line":2},"1":{"name":"(anonymous_1)","decl":{"start":{"line":5,"column":6},"end":{"line":5,"column":7}},"loc":{"start":{"line":5,"column":40},"end":{"line":9,"column":14}},"line":5},"2":{"name":"(anonymous_2)","decl":{"start":{"line":20,"column":6},"end":{"line":20,"column":7}},"loc":{"start":{"line":20,"column":36},"end":{"line":33,"column":7}},"line":20},"3":{"name":"(anonymous_3)","decl":{"start":{"line":56,"column":52},"end":{"line":56,"column":53}},"loc":{"start":{"line":56,"column":72},"end":{"line":65,"column":3}},"line":56},"4":{"name":"(anonymous_4)","decl":{"start":{"line":58,"column":27},"end":{"line":58,"column":28}},"loc":{"start":{"line":58,"column":44},"end":{"line":64,"column":5}},"line":58},"5":{"name":"$RefreshReg$","decl":{"start":{"line":67,"column":9},"end":{"line":67,"column":21}},"loc":{"start":{"line":67,"column":32},"end":{"line":69,"column":1}},"line":67},"6":{"name":"$RefreshSig$","decl":{"start":{"line":70,"column":9},"end":{"line":70,"column":21}},"loc":{"start":{"line":70,"column":24},"end":{"line":72,"column":1}},"line":70}},"branchMap":{"0":{"loc":{"start":{"line":49,"column":20},"end":{"line":49,"column":97}},"type":"binary-expr","locations":[{"start":{"line":49,"column":20},"end":{"line":49,"column":60}},{"start":{"line":49,"column":64},"end":{"line":49,"column":97}}],"line":49},"1":{"loc":{"start":{"line":50,"column":0},"end":{"line":66,"column":1}},"type":"if","locations":[{"start":{"line":50,"column":0},"end":{"line":66,"column":1}},{"start":{},"end":{}}],"line":50},"2":{"loc":{"start":{"line":50,"column":4},"end":{"line":50,"column":35}},"type":"binary-expr","locations":[{"start":{"line":50,"column":4},"end":{"line":50,"column":19}},{"start":{"line":50,"column":23},"end":{"line":50,"column":35}}],"line":50},"3":{"loc":{"start":{"line":51,"column":2},"end":{"line":55,"column":3}},"type":"if","locations":[{"start":{"line":51,"column":2},"end":{"line":55,"column":3}},{"start":{},"end":{}}],"line":51},"4":{"loc":{"start":{"line":59,"column":6},"end":{"line":60,"column":15}},"type":"if","locations":[{"start":{"line":59,"column":6},"end":{"line":60,"column":15}},{"start":{},"end":{}}],"line":59},"5":{"loc":{"start":{"line":62,"column":6},"end":{"line":63,"column":54}},"type":"if","locations":[{"start":{"line":62,"column":6},"end":{"line":63,"column":54}},{"start":{},"end":{}}],"line":62}},"s":{"0":0,"1":0,"2":0,"3":1,"4":1,"5":1,"6":1,"7":1,"8":0,"9":1,"10":1,"11":1,"12":0,"13":0,"14":0,"15":0,"16":0,"17":1,"18":0},"f":{"0":0,"1":0,"2":0,"3":1,"4":0,"5":1,"6":0},"b":{"0":[1,0],"1":[1,0],"2":[1,1],"3":[0,1],"4":[0,0],"5":[0,0]},"inputSourceMap":{"version":3,"mappings":"AAYY;AANZ,wBAAwBA,SAASC,OAAc;AAC7C,SACE,uBAAC,SAAI,oBAAiB,sDAAqD,WAAU,4BACnF;AAAA,2BAAC,SAAI,WAAU,8FACb,iCAAC,SAAI,WAAU,iHACZA,gBAAMC,OAAOC;AAAAA,MAAI,CAACC,OAAOC,UACxB,uBAAC,SAAI,WAAU,qBACZD,mBADqCC,OAAxC;AAAA;AAAA;AAAA;AAAA,aAEA;AAAA,IACD,KALH;AAAA;AAAA;AAAA;AAAA,WAMA,KAPF;AAAA;AAAA;AAAA;AAAA,WAQA;AAAA,IAEA,uBAAC,SAAI,WAAU,wFACZJ,gBAAMC,OAAOC;AAAAA,MAAI,CAACG,GAAGD,UACpB;AAAA,QAAC;AAAA;AAAA,UAEC,WAAU;AAAA;AAAA,QADLA;AAAAA,QADP;AAAA;AAAA;AAAA;AAAA;AAAA;AAAA;AAAA,MAE0I;AAAA,IAC3I,KALH;AAAA;AAAA;AAAA;AAAA,WAMA;AAAA,OAjBF;AAAA;AAAA;AAAA;AAAA,SAkBA;AAEJ;AAACE,KAtBuBP;AAAQ,IAAAO;AAAA,aAAAA,IAAA","names":["Carousel","props","slides","map","slide","index","_","_c"],"ignoreList":[],"sources":["/Users/jayellis/projects/byu/cs329/jwt-pizza/src/components/carousel.tsx"],"file":"/Users/jayellis/projects/byu/cs329/jwt-pizza/src/components/carousel.tsx"},"_coverageSchema":"1a1c01bbd47fc00a2c39e90264f33305004495a9","hash":"80d535ca98f1133b5d59dd84991a54f93d261ba1"},"/Users/jayellis/projects/byu/cs329/jwt-pizza/src/components/quote.tsx":{"path":"/Users/jayellis/projects/byu/cs329/jwt-pizza/src/components/quote.tsx","statementMap":{"0":{"start":{"line":3,"column":2},"end":{"line":66,"column":11}},"1":{"start":{"line":68,"column":0},"end":{"line":68,"column":11}},"2":{"start":{"line":70,"column":0},"end":{"line":70,"column":26}},"3":{"start":{"line":72,"column":20},"end":{"line":72,"column":97}},"4":{"start":{"line":73,"column":0},"end":{"line":89,"column":1}},"5":{"start":{"line":74,"column":2},"end":{"line":78,"column":3}},"6":{"start":{"line":75,"column":4},"end":{"line":77,"column":6}},"7":{"start":{"line":79,"column":2},"end":{"line":88,"column":5}},"8":{"start":{"line":80,"column":4},"end":{"line":80,"column":139}},"9":{"start":{"line":81,"column":4},"end":{"line":87,"column":7}},"10":{"start":{"line":82,"column":6},"end":{"line":83,"column":15}},"11":{"start":{"line":83,"column":8},"end":{"line":83,"column":15}},"12":{"start":{"line":84,"column":32},"end":{"line":84,"column":188}},"13":{"start":{"line":85,"column":6},"end":{"line":86,"column":54}},"14":{"start":{"line":86,"column":8},"end":{"line":86,"column":54}},"15":{"start":{"line":91,"column":2},"end":{"line":91,"column":118}},"16":{"start":{"line":94,"column":2},"end":{"line":94,"column":62}}},"fnMap":{"0":{"name":"Quote","decl":{"start":{"line":2,"column":24},"end":{"line":2,"column":29}},"loc":{"start":{"line":2,"column":37},"end":{"line":67,"column":1}},"line":2},"1":{"name":"(anonymous_1)","decl":{"start":{"line":79,"column":52},"end":{"line":79,"column":53}},"loc":{"start":{"line":79,"column":72},"end":{"line":88,"column":3}},"line":79},"2":{"name":"(anonymous_2)","decl":{"start":{"line":81,"column":27},"end":{"line":81,"column":28}},"loc":{"start":{"line":81,"column":44},"end":{"line":87,"column":5}},"line":81},"3":{"name":"$RefreshReg$","decl":{"start":{"line":90,"column":9},"end":{"line":90,"column":21}},"loc":{"start":{"line":90,"column":32},"end":{"line":92,"column":1}},"line":90},"4":{"name":"$RefreshSig$","decl":{"start":{"line":93,"column":9},"end":{"line":93,"column":21}},"loc":{"start":{"line":93,"column":24},"end":{"line":95,"column":1}},"line":93}},"branchMap":{"0":{"loc":{"start":{"line":72,"column":20},"end":{"line":72,"column":97}},"type":"binary-expr","locations":[{"start":{"line":72,"column":20},"end":{"line":72,"column":60}},{"start":{"line":72,"column":64},"end":{"line":72,"column":97}}],"line":72},"1":{"loc":{"start":{"line":73,"column":0},"end":{"line":89,"column":1}},"type":"if","locations":[{"start":{"line":73,"column":0},"end":{"line":89,"column":1}},{"start":{},"end":{}}],"line":73},"2":{"loc":{"start":{"line":73,"column":4},"end":{"line":73,"column":35}},"type":"binary-expr","locations":[{"start":{"line":73,"column":4},"end":{"line":73,"column":19}},{"start":{"line":73,"column":23},"end":{"line":73,"column":35}}],"line":73},"3":{"loc":{"start":{"line":74,"column":2},"end":{"line":78,"column":3}},"type":"if","locations":[{"start":{"line":74,"column":2},"end":{"line":78,"column":3}},{"start":{},"end":{}}],"line":74},"4":{"loc":{"start":{"line":82,"column":6},"end":{"line":83,"column":15}},"type":"if","locations":[{"start":{"line":82,"column":6},"end":{"line":83,"column":15}},{"start":{},"end":{}}],"line":82},"5":{"loc":{"start":{"line":85,"column":6},"end":{"line":86,"column":54}},"type":"if","locations":[{"start":{"line":85,"column":6},"end":{"line":86,"column":54}},{"start":{},"end":{}}],"line":85}},"s":{"0":0,"1":1,"2":1,"3":1,"4":1,"5":1,"6":0,"7":1,"8":1,"9":1,"10":0,"11":0,"12":0,"13":0,"14":0,"15":1,"16":0},"f":{"0":0,"1":1,"2":0,"3":1,"4":0},"b":{"0":[1,0],"1":[1,0],"2":[1,1],"3":[0,1],"4":[0,0],"5":[0,0]},"inputSourceMap":{"version":3,"mappings":"AAkBQ;AAXR,wBAAwBA,MAAMC,OAAc;AAC1C,SACE,uBAAC,gBAAW,WAAU,iBACpB;AAAA;AAAA,MAAC;AAAA;AAAA,QACC,WAAU;AAAA,QACV,OAAM;AAAA,QACN,QAAO;AAAA,QACP,SAAQ;AAAA,QACR,MAAK;AAAA,QACL,OAAM;AAAA,QACN,eAAY;AAAA,QACZ;AAAA,UAAC;AAAA;AAAA,YACC,GAAE;AAAA,YACF,MAAK;AAAA;AAAA,UAFP;AAAA;AAAA;AAAA;AAAA;AAAA;AAAA;AAAA;AAAA,QAEsB;AAAA;AAAA,MAVxB;AAAA;AAAA;AAAA;AAAA;AAAA;AAAA;AAAA;AAAA,IAWA;AAAA,IAEA,uBAAC,SAAI,WAAU,iBACb,iCAAC,OAAE,WAAU,iBACX,iCAAC,QACEA;AAAAA,YAAMC;AAAAA,MACP,uBAAC,UAAK,WAAU,iBAAgB;AAAA;AAAA,QAAID,MAAME;AAAAA,WAA1C;AAAA;AAAA;AAAA;AAAA,aAAiD;AAAA,SAFnD;AAAA;AAAA;AAAA;AAAA,WAGA,KAJF;AAAA;AAAA;AAAA;AAAA,WAKA,KANF;AAAA;AAAA;AAAA;AAAA,WAOA;AAAA,OArBF;AAAA;AAAA;AAAA;AAAA,SAsBA;AAEJ;AAACC,KA1BuBJ;AAAK,IAAAI;AAAA,aAAAA,IAAA","names":["Quote","props","quote","author","_c"],"ignoreList":[],"sources":["/Users/jayellis/projects/byu/cs329/jwt-pizza/src/components/quote.tsx"],"file":"/Users/jayellis/projects/byu/cs329/jwt-pizza/src/components/quote.tsx"},"_coverageSchema":"1a1c01bbd47fc00a2c39e90264f33305004495a9","hash":"2f970d2c8f7d5ab63aab2d00e270921c2340b2c7"},"/Users/jayellis/projects/byu/cs329/jwt-pizza/src/components/button.tsx":{"path":"/Users/jayellis/projects/byu/cs329/jwt-pizza/src/components/button.tsx","statementMap":{"0":{"start":{"line":3,"column":25},"end":{"line":3,"column":168}},"1":{"start":{"line":4,"column":2},"end":{"line":8,"column":11}},"2":{"start":{"line":10,"column":0},"end":{"line":10,"column":12}},"3":{"start":{"line":12,"column":0},"end":{"line":12,"column":27}},"4":{"start":{"line":14,"column":20},"end":{"line":14,"column":97}},"5":{"start":{"line":15,"column":0},"end":{"line":31,"column":1}},"6":{"start":{"line":16,"column":2},"end":{"line":20,"column":3}},"7":{"start":{"line":17,"column":4},"end":{"line":19,"column":6}},"8":{"start":{"line":21,"column":2},"end":{"line":30,"column":5}},"9":{"start":{"line":22,"column":4},"end":{"line":22,"column":140}},"10":{"start":{"line":23,"column":4},"end":{"line":29,"column":7}},"11":{"start":{"line":24,"column":6},"end":{"line":25,"column":15}},"12":{"start":{"line":25,"column":8},"end":{"line":25,"column":15}},"13":{"start":{"line":26,"column":32},"end":{"line":26,"column":189}},"14":{"start":{"line":27,"column":6},"end":{"line":28,"column":54}},"15":{"start":{"line":28,"column":8},"end":{"line":28,"column":54}},"16":{"start":{"line":33,"column":2},"end":{"line":33,"column":119}},"17":{"start":{"line":36,"column":2},"end":{"line":36,"column":62}}},"fnMap":{"0":{"name":"Button","decl":{"start":{"line":2,"column":24},"end":{"line":2,"column":30}},"loc":{"start":{"line":2,"column":38},"end":{"line":9,"column":1}},"line":2},"1":{"name":"(anonymous_1)","decl":{"start":{"line":21,"column":52},"end":{"line":21,"column":53}},"loc":{"start":{"line":21,"column":72},"end":{"line":30,"column":3}},"line":21},"2":{"name":"(anonymous_2)","decl":{"start":{"line":23,"column":27},"end":{"line":23,"column":28}},"loc":{"start":{"line":23,"column":44},"end":{"line":29,"column":5}},"line":23},"3":{"name":"$RefreshReg$","decl":{"start":{"line":32,"column":9},"end":{"line":32,"column":21}},"loc":{"start":{"line":32,"column":32},"end":{"line":34,"column":1}},"line":32},"4":{"name":"$RefreshSig$","decl":{"start":{"line":35,"column":9},"end":{"line":35,"column":21}},"loc":{"start":{"line":35,"column":24},"end":{"line":37,"column":1}},"line":35}},"branchMap":{"0":{"loc":{"start":{"line":4,"column":76},"end":{"line":4,"column":110}},"type":"cond-expr","locations":[{"start":{"line":4,"column":91},"end":{"line":4,"column":99}},{"start":{"line":4,"column":102},"end":{"line":4,"column":110}}],"line":4},"1":{"loc":{"start":{"line":14,"column":20},"end":{"line":14,"column":97}},"type":"binary-expr","locations":[{"start":{"line":14,"column":20},"end":{"line":14,"column":60}},{"start":{"line":14,"column":64},"end":{"line":14,"column":97}}],"line":14},"2":{"loc":{"start":{"line":15,"column":0},"end":{"line":31,"column":1}},"type":"if","locations":[{"start":{"line":15,"column":0},"end":{"line":31,"column":1}},{"start":{},"end":{}}],"line":15},"3":{"loc":{"start":{"line":15,"column":4},"end":{"line":15,"column":35}},"type":"binary-expr","locations":[{"start":{"line":15,"column":4},"end":{"line":15,"column":19}},{"start":{"line":15,"column":23},"end":{"line":15,"column":35}}],"line":15},"4":{"loc":{"start":{"line":16,"column":2},"end":{"line":20,"column":3}},"type":"if","locations":[{"start":{"line":16,"column":2},"end":{"line":20,"column":3}},{"start":{},"end":{}}],"line":16},"5":{"loc":{"start":{"line":24,"column":6},"end":{"line":25,"column":15}},"type":"if","locations":[{"start":{"line":24,"column":6},"end":{"line":25,"column":15}},{"start":{},"end":{}}],"line":24},"6":{"loc":{"start":{"line":27,"column":6},"end":{"line":28,"column":54}},"type":"if","locations":[{"start":{"line":27,"column":6},"end":{"line":28,"column":54}},{"start":{},"end":{}}],"line":27}},"s":{"0":0,"1":0,"2":1,"3":1,"4":1,"5":1,"6":1,"7":0,"8":1,"9":1,"10":1,"11":0,"12":0,"13":0,"14":0,"15":0,"16":1,"17":0},"f":{"0":0,"1":1,"2":0,"3":1,"4":0},"b":{"0":[0,0],"1":[1,0],"2":[1,0],"3":[1,1],"4":[0,1],"5":[0,0],"6":[0,0]},"inputSourceMap":{"version":3,"mappings":"AAaI;AAHJ,wBAAwBA,OAAOC,OAAc;AAC3C,QAAMC,iBAAiB,8HAA8HD,MAAME,SAAS;AACpK,SACE,uBAAC,YAAO,UAAUF,MAAMG,UAAU,MAAMH,MAAMI,SAAS,WAAW,UAAU,WAAWH,gBAAgB,SAASD,MAAMK,SACnHL,gBAAMM,SADT;AAAA;AAAA;AAAA;AAAA,SAEA;AAEJ;AAACC,KAPuBR;AAAM,IAAAQ;AAAA,aAAAA,IAAA","names":["Button","props","finalClassName","className","disabled","submit","onPress","title","_c"],"ignoreList":[],"sources":["/Users/jayellis/projects/byu/cs329/jwt-pizza/src/components/button.tsx"],"file":"/Users/jayellis/projects/byu/cs329/jwt-pizza/src/components/button.tsx"},"_coverageSchema":"1a1c01bbd47fc00a2c39e90264f33305004495a9","hash":"fbe82e4c3e9c5574de8bd19ceac629687bbc43b6"},"/Users/jayellis/projects/byu/cs329/jwt-pizza/src/views/home.tsx":{"path":"/Users/jayellis/projects/byu/cs329/jwt-pizza/src/views/home.tsx","statementMap":{"0":{"start":{"line":2,"column":9},"end":{"line":2,"column":23}},"1":{"start":{"line":9,"column":2},"end":{"line":9,"column":7}},"2":{"start":{"line":10,"column":19},"end":{"line":10,"column":32}},"3":{"start":{"line":12,"column":4},"end":{"line":12,"column":22}},"4":{"start":{"line":14,"column":2},"end":{"line":105,"column":11}},"5":{"start":{"line":107,"column":0},"end":{"line":109,"column":3}},"6":{"start":{"line":108,"column":2},"end":{"line":108,"column":23}},"7":{"start":{"line":110,"column":0},"end":{"line":110,"column":10}},"8":{"start":{"line":112,"column":0},"end":{"line":112,"column":25}},"9":{"start":{"line":114,"column":20},"end":{"line":114,"column":97}},"10":{"start":{"line":115,"column":0},"end":{"line":131,"column":1}},"11":{"start":{"line":116,"column":2},"end":{"line":120,"column":3}},"12":{"start":{"line":117,"column":4},"end":{"line":119,"column":6}},"13":{"start":{"line":121,"column":2},"end":{"line":130,"column":5}},"14":{"start":{"line":122,"column":4},"end":{"line":122,"column":133}},"15":{"start":{"line":123,"column":4},"end":{"line":129,"column":7}},"16":{"start":{"line":124,"column":6},"end":{"line":125,"column":15}},"17":{"start":{"line":125,"column":8},"end":{"line":125,"column":15}},"18":{"start":{"line":126,"column":32},"end":{"line":126,"column":182}},"19":{"start":{"line":127,"column":6},"end":{"line":128,"column":54}},"20":{"start":{"line":128,"column":8},"end":{"line":128,"column":54}},"21":{"start":{"line":133,"column":2},"end":{"line":133,"column":112}},"22":{"start":{"line":136,"column":2},"end":{"line":136,"column":62}}},"fnMap":{"0":{"name":"Home","decl":{"start":{"line":8,"column":24},"end":{"line":8,"column":28}},"loc":{"start":{"line":8,"column":31},"end":{"line":106,"column":1}},"line":8},"1":{"name":"orderNow","decl":{"start":{"line":11,"column":11},"end":{"line":11,"column":19}},"loc":{"start":{"line":11,"column":22},"end":{"line":13,"column":3}},"line":11},"2":{"name":"(anonymous_2)","decl":{"start":{"line":107,"column":48},"end":{"line":107,"column":49}},"loc":{"start":{"line":107,"column":59},"end":{"line":109,"column":1}},"line":107},"3":{"name":"(anonymous_3)","decl":{"start":{"line":121,"column":52},"end":{"line":121,"column":53}},"loc":{"start":{"line":121,"column":72},"end":{"line":130,"column":3}},"line":121},"4":{"name":"(anonymous_4)","decl":{"start":{"line":123,"column":27},"end":{"line":123,"column":28}},"loc":{"start":{"line":123,"column":44},"end":{"line":129,"column":5}},"line":123},"5":{"name":"$RefreshReg$","decl":{"start":{"line":132,"column":9},"end":{"line":132,"column":21}},"loc":{"start":{"line":132,"column":32},"end":{"line":134,"column":1}},"line":132},"6":{"name":"$RefreshSig$","decl":{"start":{"line":135,"column":9},"end":{"line":135,"column":21}},"loc":{"start":{"line":135,"column":24},"end":{"line":137,"column":1}},"line":135}},"branchMap":{"0":{"loc":{"start":{"line":114,"column":20},"end":{"line":114,"column":97}},"type":"binary-expr","locations":[{"start":{"line":114,"column":20},"end":{"line":114,"column":60}},{"start":{"line":114,"column":64},"end":{"line":114,"column":97}}],"line":114},"1":{"loc":{"start":{"line":115,"column":0},"end":{"line":131,"column":1}},"type":"if","locations":[{"start":{"line":115,"column":0},"end":{"line":131,"column":1}},{"start":{},"end":{}}],"line":115},"2":{"loc":{"start":{"line":115,"column":4},"end":{"line":115,"column":35}},"type":"binary-expr","locations":[{"start":{"line":115,"column":4},"end":{"line":115,"column":19}},{"start":{"line":115,"column":23},"end":{"line":115,"column":35}}],"line":115},"3":{"loc":{"start":{"line":116,"column":2},"end":{"line":120,"column":3}},"type":"if","locations":[{"start":{"line":116,"column":2},"end":{"line":120,"column":3}},{"start":{},"end":{}}],"line":116},"4":{"loc":{"start":{"line":124,"column":6},"end":{"line":125,"column":15}},"type":"if","locations":[{"start":{"line":124,"column":6},"end":{"line":125,"column":15}},{"start":{},"end":{}}],"line":124},"5":{"loc":{"start":{"line":127,"column":6},"end":{"line":128,"column":54}},"type":"if","locations":[{"start":{"line":127,"column":6},"end":{"line":128,"column":54}},{"start":{},"end":{}}],"line":127}},"s":{"0":1,"1":0,"2":0,"3":0,"4":0,"5":1,"6":0,"7":1,"8":1,"9":1,"10":1,"11":1,"12":0,"13":1,"14":1,"15":1,"16":0,"17":0,"18":0,"19":0,"20":0,"21":1,"22":1},"f":{"0":0,"1":0,"2":0,"3":1,"4":0,"5":1,"6":1},"b":{"0":[1,0],"1":[1,0],"2":[1,1],"3":[0,1],"4":[0,0],"5":[0,0]},"inputSourceMap":{"version":3,"mappings":"AAgBM;;AAfN,SAASA,mBAAmB;AAC5B,OAAOC,UAAU;AACjB,OAAOC,cAAc;AACrB,OAAOC,WAAW;AAClB,OAAOC,YAAY;AAEnB,wBAAwBC,OAAO;AAAAC,KAAA;AAC7B,QAAMC,WAAWP,YAAY;AAE7B,WAASQ,WAAW;AAClBD,aAAS,OAAO;AAAA,EAClB;AAEA,SACE,uBAAC,QAAK,OAAM,wBACV;AAAA,2BAAC,SAAI,WAAU,iDAAgD,OAAO,EAAEE,iBAAiB,uBAAuB,KAAhH;AAAA;AAAA;AAAA;AAAA,WAAmH;AAAA,IACnH,uBAAC,SAAI,WAAU,gCACb;AAAA,6BAAC,UAAO,OAAM,aAAY,SAASD,YAAnC;AAAA;AAAA;AAAA;AAAA,aAA4C;AAAA,MAE5C;AAAA,QAAC;AAAA;AAAA,UACC,QAAQ;AAAA,YACN,uBAAC,SAAM,OAAM,6CAA4C,QAAO,4BAAhE;AAAA;AAAA;AAAA;AAAA,mBAAwF;AAAA,YACxF,uBAAC,SAAM,OAAM,iBAAgB,QAAO,eAApC;AAAA;AAAA;AAAA;AAAA,mBAA+C;AAAA,YAC/C,uBAAC,SAAM,OAAM,yBAAwB,QAAO,uBAA5C;AAAA;AAAA;AAAA;AAAA,mBAA+D;AAAA,YAC/D,uBAAC,SAAM,OAAM,8CAA6C,QAAO,8BAAjE;AAAA;AAAA;AAAA;AAAA,mBAA2F;AAAA,UAAG;AAAA;AAAA,QALlG;AAAA;AAAA;AAAA;AAAA;AAAA;AAAA;AAAA;AAAA,MAMI;AAAA,SATN;AAAA;AAAA;AAAA;AAAA,WAWA;AAAA,IACA;AAAA,MAAC;AAAA;AAAA,QACC,WAAU;AAAA,QAE0B;AAAA;AAAA,MAHtC;AAAA;AAAA;AAAA;AAAA;AAAA;AAAA;AAAA;AAAA,IASA;AAAA,IACA,uBAAC,SAAI,KAAI,sBAAqB,WAAU,kEAAxC;AAAA;AAAA;AAAA;AAAA,WAAsG;AAAA,IACtG,uBAAC,OAAE,WAAU,yCAAuC,kkBAApD;AAAA;AAAA;AAAA;AAAA,WAKA;AAAA,IACA,uBAAC,OAAE,WAAU,yCAAuC,4kBAApD;AAAA;AAAA;AAAA;AAAA,WAMA;AAAA,IACA,uBAAC,OAAE,WAAU,yCAAuC,mlBAApD;AAAA;AAAA;AAAA;AAAA,WAMA;AAAA,OA5CF;AAAA;AAAA;AAAA;AAAA,SA6CA;AAEJ;AAACF,GAvDuBD,MAAI;AAAA,UACTL,WAAW;AAAA;AAAA,KADNK;AAAI,IAAAK;AAAA,aAAAA,IAAA","names":["useNavigate","View","Carousel","Quote","Button","Home","_s","navigate","orderNow","backgroundImage","_c"],"ignoreList":[],"sources":["/Users/jayellis/projects/byu/cs329/jwt-pizza/src/views/home.tsx"],"file":"/Users/jayellis/projects/byu/cs329/jwt-pizza/src/views/home.tsx"},"_coverageSchema":"1a1c01bbd47fc00a2c39e90264f33305004495a9","hash":"a22d0e5e911a4f38884c976ba2e0bc0d3e5e3b85"},"/Users/jayellis/projects/byu/cs329/jwt-pizza/src/views/about.tsx":{"path":"/Users/jayellis/projects/byu/cs329/jwt-pizza/src/views/about.tsx","statementMap":{"0":{"start":{"line":4,"column":2},"end":{"line":201,"column":11}},"1":{"start":{"line":203,"column":0},"end":{"line":203,"column":11}},"2":{"start":{"line":205,"column":0},"end":{"line":205,"column":26}},"3":{"start":{"line":207,"column":20},"end":{"line":207,"column":97}},"4":{"start":{"line":208,"column":0},"end":{"line":224,"column":1}},"5":{"start":{"line":209,"column":2},"end":{"line":213,"column":3}},"6":{"start":{"line":210,"column":4},"end":{"line":212,"column":6}},"7":{"start":{"line":214,"column":2},"end":{"line":223,"column":5}},"8":{"start":{"line":215,"column":4},"end":{"line":215,"column":134}},"9":{"start":{"line":216,"column":4},"end":{"line":222,"column":7}},"10":{"start":{"line":217,"column":6},"end":{"line":218,"column":15}},"11":{"start":{"line":218,"column":8},"end":{"line":218,"column":15}},"12":{"start":{"line":219,"column":32},"end":{"line":219,"column":183}},"13":{"start":{"line":220,"column":6},"end":{"line":221,"column":54}},"14":{"start":{"line":221,"column":8},"end":{"line":221,"column":54}},"15":{"start":{"line":226,"column":2},"end":{"line":226,"column":113}},"16":{"start":{"line":229,"column":2},"end":{"line":229,"column":62}}},"fnMap":{"0":{"name":"About","decl":{"start":{"line":3,"column":24},"end":{"line":3,"column":29}},"loc":{"start":{"line":3,"column":32},"end":{"line":202,"column":1}},"line":3},"1":{"name":"(anonymous_1)","decl":{"start":{"line":214,"column":52},"end":{"line":214,"column":53}},"loc":{"start":{"line":214,"column":72},"end":{"line":223,"column":3}},"line":214},"2":{"name":"(anonymous_2)","decl":{"start":{"line":216,"column":27},"end":{"line":216,"column":28}},"loc":{"start":{"line":216,"column":44},"end":{"line":222,"column":5}},"line":216},"3":{"name":"$RefreshReg$","decl":{"start":{"line":225,"column":9},"end":{"line":225,"column":21}},"loc":{"start":{"line":225,"column":32},"end":{"line":227,"column":1}},"line":225},"4":{"name":"$RefreshSig$","decl":{"start":{"line":228,"column":9},"end":{"line":228,"column":21}},"loc":{"start":{"line":228,"column":24},"end":{"line":230,"column":1}},"line":228}},"branchMap":{"0":{"loc":{"start":{"line":207,"column":20},"end":{"line":207,"column":97}},"type":"binary-expr","locations":[{"start":{"line":207,"column":20},"end":{"line":207,"column":60}},{"start":{"line":207,"column":64},"end":{"line":207,"column":97}}],"line":207},"1":{"loc":{"start":{"line":208,"column":0},"end":{"line":224,"column":1}},"type":"if","locations":[{"start":{"line":208,"column":0},"end":{"line":224,"column":1}},{"start":{},"end":{}}],"line":208},"2":{"loc":{"start":{"line":208,"column":4},"end":{"line":208,"column":35}},"type":"binary-expr","locations":[{"start":{"line":208,"column":4},"end":{"line":208,"column":19}},{"start":{"line":208,"column":23},"end":{"line":208,"column":35}}],"line":208},"3":{"loc":{"start":{"line":209,"column":2},"end":{"line":213,"column":3}},"type":"if","locations":[{"start":{"line":209,"column":2},"end":{"line":213,"column":3}},{"start":{},"end":{}}],"line":209},"4":{"loc":{"start":{"line":217,"column":6},"end":{"line":218,"column":15}},"type":"if","locations":[{"start":{"line":217,"column":6},"end":{"line":218,"column":15}},{"start":{},"end":{}}],"line":217},"5":{"loc":{"start":{"line":220,"column":6},"end":{"line":221,"column":54}},"type":"if","locations":[{"start":{"line":220,"column":6},"end":{"line":221,"column":54}},{"start":{},"end":{}}],"line":220}},"s":{"0":0,"1":1,"2":1,"3":1,"4":1,"5":1,"6":0,"7":1,"8":1,"9":1,"10":0,"11":0,"12":0,"13":0,"14":0,"15":1,"16":0},"f":{"0":0,"1":1,"2":0,"3":1,"4":0},"b":{"0":[1,0],"1":[1,0],"2":[1,1],"3":[0,1],"4":[0,0],"5":[0,0]},"inputSourceMap":{"version":3,"mappings":"AAOQ;AANR,OAAOA,UAAU;AAEjB,wBAAwBC,QAAQ;AAC9B,SACE,uBAAC,QAAK,OAAM,oBACV,iCAAC,SAAI,WAAU,wCACb;AAAA,2BAAC,SAAI,KAAI,sBAAqB,WAAU,iEAAxC;AAAA;AAAA;AAAA;AAAA,WAAqG;AAAA,IACrG,uBAAC,OAAE,WAAU,oNAAkN,0lBAA/N;AAAA;AAAA;AAAA;AAAA,WAKA;AAAA,IACA,uBAAC,OAAE,WAAU,mBAAiB,8mBAA9B;AAAA;AAAA;AAAA;AAAA,WAKA;AAAA,IAEA,uBAAC,QAAG,WAAU,uDAAsD,6BAApE;AAAA;AAAA;AAAA;AAAA,WAAiF;AAAA,IAEjF,uBAAC,OAAE,WAAU,mBAAiB,4pBAA9B;AAAA;AAAA;AAAA;AAAA,WAKA;AAAA,IACA,uBAAC,SAAI,WAAU,mBACb;AAAA,6BAAC,SAAI,WAAU,2BACb;AAAA;AAAA,UAAC;AAAA;AAAA,YACC,WAAU;AAAA,YACV,KAAI;AAAA,YACJ,KAAI;AAAA;AAAA,UAHN;AAAA;AAAA;AAAA;AAAA;AAAA;AAAA;AAAA;AAAA,QAG4B;AAAA,QAE5B;AAAA,UAAC;AAAA;AAAA,YACC,WAAU;AAAA,YACV,MAAK;AAAA,YAAS;AAAA;AAAA,UAFhB;AAAA;AAAA;AAAA;AAAA;AAAA;AAAA;AAAA;AAAA,QAKA;AAAA,WAXF;AAAA;AAAA;AAAA;AAAA,aAYA;AAAA,MACA,uBAAC,SAAI,WAAU,2BACb;AAAA;AAAA,UAAC;AAAA;AAAA,YACC,WAAU;AAAA,YACV,KAAI;AAAA,YACJ,KAAI;AAAA;AAAA,UAHN;AAAA;AAAA;AAAA;AAAA;AAAA;AAAA;AAAA;AAAA,QAG4B;AAAA,QAE5B;AAAA,UAAC;AAAA;AAAA,YACC,WAAU;AAAA,YACV,MAAK;AAAA,YAAS;AAAA;AAAA,UAFhB;AAAA;AAAA;AAAA;AAAA;AAAA;AAAA;AAAA;AAAA,QAKA;AAAA,WAXF;AAAA;AAAA;AAAA;AAAA,aAYA;AAAA,MACA,uBAAC,SAAI,WAAU,2BACb;AAAA;AAAA,UAAC;AAAA;AAAA,YACC,WAAU;AAAA,YACV,KAAI;AAAA,YACJ,KAAI;AAAA;AAAA,UAHN;AAAA;AAAA;AAAA;AAAA;AAAA;AAAA;AAAA;AAAA,QAG4B;AAAA,QAE5B;AAAA,UAAC;AAAA;AAAA,YACC,WAAU;AAAA,YACV,MAAK;AAAA,YAAS;AAAA;AAAA,UAFhB;AAAA;AAAA;AAAA;AAAA;AAAA;AAAA;AAAA;AAAA,QAKA;AAAA,WAXF;AAAA;AAAA;AAAA;AAAA,aAYA;AAAA,MACA,uBAAC,SAAI,WAAU,2BACb;AAAA;AAAA,UAAC;AAAA;AAAA,YACC,WAAU;AAAA,YACV,KAAI;AAAA,YACJ,KAAI;AAAA;AAAA,UAHN;AAAA;AAAA;AAAA;AAAA;AAAA;AAAA;AAAA;AAAA,QAG4B;AAAA,QAE5B;AAAA,UAAC;AAAA;AAAA,YACC,WAAU;AAAA,YACV,MAAK;AAAA,YAAS;AAAA;AAAA,UAFhB;AAAA;AAAA;AAAA;AAAA;AAAA;AAAA;AAAA;AAAA,QAKA;AAAA,WAXF;AAAA;AAAA;AAAA;AAAA,aAYA;AAAA,SApDF;AAAA;AAAA;AAAA;AAAA,WAqDA;AAAA,IACA,uBAAC,OAAE,WAAU,mBAAiB,knBAA9B;AAAA;AAAA;AAAA;AAAA,WAKA;AAAA,OAlFF;AAAA;AAAA;AAAA;AAAA,SAmFA,KApFF;AAAA;AAAA;AAAA;AAAA,SAqFA;AAEJ;AAACC,KAzFuBD;AAAK,IAAAC;AAAA,aAAAA,IAAA","names":["View","About","_c"],"ignoreList":[],"sources":["/Users/jayellis/projects/byu/cs329/jwt-pizza/src/views/about.tsx"],"file":"/Users/jayellis/projects/byu/cs329/jwt-pizza/src/views/about.tsx"},"_coverageSchema":"1a1c01bbd47fc00a2c39e90264f33305004495a9","hash":"235062a3e479b5aa0e5b770ae1234ae3c0471611"},"/Users/jayellis/projects/byu/cs329/jwt-pizza/src/service/httpPizzaService.ts":{"path":"/Users/jayellis/projects/byu/cs329/jwt-pizza/src/service/httpPizzaService.ts","statementMap":{"0":{"start":{"line":1,"column":24},"end":{"line":1,"column":62}},"1":{"start":{"line":2,"column":24},"end":{"line":2,"column":62}},"2":{"start":{"line":5,"column":4},"end":{"line":34,"column":7}},"3":{"start":{"line":6,"column":6},"end":{"line":33,"column":7}},"4":{"start":{"line":7,"column":24},"end":{"line":13,"column":9}},"5":{"start":{"line":14,"column":26},"end":{"line":14,"column":55}},"6":{"start":{"line":15,"column":8},"end":{"line":17,"column":9}},"7":{"start":{"line":16,"column":10},"end":{"line":16,"column":67}},"8":{"start":{"line":18,"column":8},"end":{"line":20,"column":9}},"9":{"start":{"line":19,"column":10},"end":{"line":19,"column":46}},"10":{"start":{"line":21,"column":8},"end":{"line":23,"column":9}},"11":{"start":{"line":22,"column":10},"end":{"line":22,"column":40}},"12":{"start":{"line":24,"column":18},"end":{"line":24,"column":44}},"13":{"start":{"line":25,"column":18},"end":{"line":25,"column":32}},"14":{"start":{"line":26,"column":8},"end":{"line":30,"column":9}},"15":{"start":{"line":27,"column":10},"end":{"line":27,"column":21}},"16":{"start":{"line":29,"column":10},"end":{"line":29,"column":57}},"17":{"start":{"line":32,"column":8},"end":{"line":32,"column":50}},"18":{"start":{"line":37,"column":28},"end":{"line":37,"column":92}},"19":{"start":{"line":38,"column":4},"end":{"line":38,"column":41}},"20":{"start":{"line":39,"column":4},"end":{"line":39,"column":33}},"21":{"start":{"line":42,"column":28},"end":{"line":42,"column":99}},"22":{"start":{"line":43,"column":4},"end":{"line":43,"column":41}},"23":{"start":{"line":44,"column":4},"end":{"line":44,"column":33}},"24":{"start":{"line":47,"column":4},"end":{"line":47,"column":45}},"25":{"start":{"line":48,"column":4},"end":{"line":48,"column":37}},"26":{"start":{"line":51,"column":17},"end":{"line":51,"column":21}},"27":{"start":{"line":52,"column":4},"end":{"line":58,"column":5}},"28":{"start":{"line":53,"column":6},"end":{"line":57,"column":7}},"29":{"start":{"line":54,"column":8},"end":{"line":54,"column":57}},"30":{"start":{"line":56,"column":8},"end":{"line":56,"column":41}},"31":{"start":{"line":59,"column":4},"end":{"line":59,"column":35}},"32":{"start":{"line":62,"column":4},"end":{"line":62,"column":48}},"33":{"start":{"line":65,"column":4},"end":{"line":65,"column":43}},"34":{"start":{"line":68,"column":4},"end":{"line":68,"column":58}},"35":{"start":{"line":71,"column":4},"end":{"line":71,"column":85}},"36":{"start":{"line":74,"column":4},"end":{"line":74,"column":58}},"37":{"start":{"line":77,"column":4},"end":{"line":77,"column":66}},"38":{"start":{"line":80,"column":4},"end":{"line":80,"column":94}},"39":{"start":{"line":83,"column":4},"end":{"line":83,"column":73}},"40":{"start":{"line":86,"column":4},"end":{"line":86,"column":84}},"41":{"start":{"line":89,"column":4},"end":{"line":89,"column":91}},"42":{"start":{"line":92,"column":4},"end":{"line":94,"column":5}},"43":{"start":{"line":93,"column":6},"end":{"line":93,"column":62}},"44":{"start":{"line":95,"column":4},"end":{"line":95,"column":42}},"45":{"start":{"line":98,"column":25},"end":{"line":98,"column":47}}},"fnMap":{"0":{"name":"(anonymous_0)","decl":{"start":{"line":4,"column":2},"end":{"line":4,"column":3}},"loc":{"start":{"line":4,"column":49},"end":{"line":35,"column":3}},"line":4},"1":{"name":"(anonymous_1)","decl":{"start":{"line":5,"column":23},"end":{"line":5,"column":24}},"loc":{"start":{"line":5,"column":50},"end":{"line":34,"column":5}},"line":5},"2":{"name":"(anonymous_2)","decl":{"start":{"line":36,"column":2},"end":{"line":36,"column":3}},"loc":{"start":{"line":36,"column":31},"end":{"line":40,"column":3}},"line":36},"3":{"name":"(anonymous_3)","decl":{"start":{"line":41,"column":2},"end":{"line":41,"column":3}},"loc":{"start":{"line":41,"column":40},"end":{"line":45,"column":3}},"line":41},"4":{"name":"(anonymous_4)","decl":{"start":{"line":46,"column":2},"end":{"line":46,"column":3}},"loc":{"start":{"line":46,"column":11},"end":{"line":49,"column":3}},"line":46},"5":{"name":"(anonymous_5)","decl":{"start":{"line":50,"column":2},"end":{"line":50,"column":3}},"loc":{"start":{"line":50,"column":18},"end":{"line":60,"column":3}},"line":50},"6":{"name":"(anonymous_6)","decl":{"start":{"line":61,"column":2},"end":{"line":61,"column":3}},"loc":{"start":{"line":61,"column":18},"end":{"line":63,"column":3}},"line":61},"7":{"name":"(anonymous_7)","decl":{"start":{"line":64,"column":2},"end":{"line":64,"column":3}},"loc":{"start":{"line":64,"column":24},"end":{"line":66,"column":3}},"line":64},"8":{"name":"(anonymous_8)","decl":{"start":{"line":67,"column":2},"end":{"line":67,"column":3}},"loc":{"start":{"line":67,"column":21},"end":{"line":69,"column":3}},"line":67},"9":{"name":"(anonymous_9)","decl":{"start":{"line":70,"column":2},"end":{"line":70,"column":3}},"loc":{"start":{"line":70,"column":25},"end":{"line":72,"column":3}},"line":70},"10":{"name":"(anonymous_10)","decl":{"start":{"line":73,"column":2},"end":{"line":73,"column":3}},"loc":{"start":{"line":73,"column":27},"end":{"line":75,"column":3}},"line":73},"11":{"name":"(anonymous_11)","decl":{"start":{"line":76,"column":2},"end":{"line":76,"column":3}},"loc":{"start":{"line":76,"column":35},"end":{"line":78,"column":3}},"line":76},"12":{"name":"(anonymous_12)","decl":{"start":{"line":79,"column":2},"end":{"line":79,"column":3}},"loc":{"start":{"line":79,"column":62},"end":{"line":81,"column":3}},"line":79},"13":{"name":"(anonymous_13)","decl":{"start":{"line":82,"column":2},"end":{"line":82,"column":3}},"loc":{"start":{"line":82,"column":34},"end":{"line":84,"column":3}},"line":82},"14":{"name":"(anonymous_14)","decl":{"start":{"line":85,"column":2},"end":{"line":85,"column":3}},"loc":{"start":{"line":85,"column":38},"end":{"line":87,"column":3}},"line":85},"15":{"name":"(anonymous_15)","decl":{"start":{"line":88,"column":2},"end":{"line":88,"column":3}},"loc":{"start":{"line":88,"column":37},"end":{"line":90,"column":3}},"line":88},"16":{"name":"(anonymous_16)","decl":{"start":{"line":91,"column":2},"end":{"line":91,"column":3}},"loc":{"start":{"line":91,"column":22},"end":{"line":96,"column":3}},"line":91}},"branchMap":{"0":{"loc":{"start":{"line":4,"column":27},"end":{"line":4,"column":41}},"type":"default-arg","locations":[{"start":{"line":4,"column":36},"end":{"line":4,"column":41}}],"line":4},"1":{"loc":{"start":{"line":15,"column":8},"end":{"line":17,"column":9}},"type":"if","locations":[{"start":{"line":15,"column":8},"end":{"line":17,"column":9}},{"start":{},"end":{}}],"line":15},"2":{"loc":{"start":{"line":18,"column":8},"end":{"line":20,"column":9}},"type":"if","locations":[{"start":{"line":18,"column":8},"end":{"line":20,"column":9}},{"start":{},"end":{}}],"line":18},"3":{"loc":{"start":{"line":21,"column":8},"end":{"line":23,"column":9}},"type":"if","locations":[{"start":{"line":21,"column":8},"end":{"line":23,"column":9}},{"start":{},"end":{}}],"line":21},"4":{"loc":{"start":{"line":26,"column":8},"end":{"line":30,"column":9}},"type":"if","locations":[{"start":{"line":26,"column":8},"end":{"line":30,"column":9}},{"start":{"line":28,"column":15},"end":{"line":30,"column":9}}],"line":26},"5":{"loc":{"start":{"line":52,"column":4},"end":{"line":58,"column":5}},"type":"if","locations":[{"start":{"line":52,"column":4},"end":{"line":58,"column":5}},{"start":{},"end":{}}],"line":52},"6":{"loc":{"start":{"line":79,"column":22},"end":{"line":79,"column":30}},"type":"default-arg","locations":[{"start":{"line":79,"column":29},"end":{"line":79,"column":30}}],"line":79},"7":{"loc":{"start":{"line":79,"column":32},"end":{"line":79,"column":42}},"type":"default-arg","locations":[{"start":{"line":79,"column":40},"end":{"line":79,"column":42}}],"line":79},"8":{"loc":{"start":{"line":79,"column":44},"end":{"line":79,"column":60}},"type":"default-arg","locations":[{"start":{"line":79,"column":57},"end":{"line":79,"column":60}}],"line":79},"9":{"loc":{"start":{"line":92,"column":4},"end":{"line":94,"column":5}},"type":"if","locations":[{"start":{"line":92,"column":4},"end":{"line":94,"column":5}},{"start":{},"end":{}}],"line":92}},"s":{"0":1,"1":1,"2":0,"3":0,"4":0,"5":0,"6":0,"7":0,"8":0,"9":0,"10":0,"11":0,"12":0,"13":0,"14":0,"15":0,"16":0,"17":0,"18":0,"19":0,"20":0,"21":0,"22":0,"23":0,"24":0,"25":0,"26":1,"27":1,"28":0,"29":0,"30":0,"31":1,"32":0,"33":0,"34":0,"35":0,"36":0,"37":0,"38":0,"39":0,"40":0,"41":0,"42":0,"43":0,"44":0,"45":1},"f":{"0":0,"1":0,"2":0,"3":0,"4":0,"5":1,"6":0,"7":0,"8":0,"9":0,"10":0,"11":0,"12":0,"13":0,"14":0,"15":0,"16":0},"b":{"0":[0],"1":[0,0],"2":[0,0],"3":[0,0],"4":[0,0],"5":[0,1],"6":[0],"7":[0],"8":[0],"9":[0,0]},"inputSourceMap":{"version":3,"sources":["/Users/jayellis/projects/byu/cs329/jwt-pizza/src/service/httpPizzaService.ts"],"mappings":"AAEA,MAAM,kBAAkB,YAAY,IAAI;AACxC,MAAM,kBAAkB,YAAY,IAAI;AAExC,MAAM,iBAAyC;AAAA,EAC7C,MAAM,aAAa,MAAc,SAAiB,OAAO,MAA0B;AACjF,WAAO,IAAI,QAAQ,OAAO,SAAS,WAAW;AAC5C,UAAI;AACF,cAAM,UAAe;AAAA,UACnB;AAAA,UACA,SAAS;AAAA,YACP,gBAAgB;AAAA,UAClB;AAAA,UACA,aAAa;AAAA,QACf;AAEA,cAAM,YAAY,aAAa,QAAQ,OAAO;AAC9C,YAAI,WAAW;AACb,kBAAQ,QAAQ,eAAe,IAAI,UAAU,SAAS;AAAA,QACxD;AAEA,YAAI,MAAM;AACR,kBAAQ,OAAO,KAAK,UAAU,IAAI;AAAA,QACpC;AAEA,YAAI,CAAC,KAAK,WAAW,MAAM,GAAG;AAC5B,iBAAO,kBAAkB;AAAA,QAC3B;AAEA,cAAM,IAAI,MAAM,MAAM,MAAM,OAAO;AACnC,cAAM,IAAI,MAAM,EAAE,KAAK;AACvB,YAAI,EAAE,IAAI;AACR,kBAAQ,CAAC;AAAA,QACX,OAAO;AACL,iBAAO,EAAE,MAAM,EAAE,QAAQ,SAAS,EAAE,QAAQ,CAAC;AAAA,QAC/C;AAAA,MACF,SAAS,GAAQ;AACf,eAAO,EAAE,MAAM,KAAK,SAAS,EAAE,QAAQ,CAAC;AAAA,MAC1C;AAAA,IACF,CAAC;AAAA,EACH;AAAA,EAEA,MAAM,MAAM,OAAe,UAAiC;AAC1D,UAAM,EAAE,MAAM,MAAM,IAAI,MAAM,KAAK,aAAa,aAAa,OAAO,EAAE,OAAO,SAAS,CAAC;AACvF,iBAAa,QAAQ,SAAS,KAAK;AACnC,WAAO,QAAQ,QAAQ,IAAI;AAAA,EAC7B;AAAA,EAEA,MAAM,SAAS,MAAc,OAAe,UAAiC;AAC3E,UAAM,EAAE,MAAM,MAAM,IAAI,MAAM,KAAK,aAAa,aAAa,QAAQ,EAAE,MAAM,OAAO,SAAS,CAAC;AAC9F,iBAAa,QAAQ,SAAS,KAAK;AACnC,WAAO,QAAQ,QAAQ,IAAI;AAAA,EAC7B;AAAA,EAEA,SAAe;AACb,SAAK,aAAa,aAAa,QAAQ;AACvC,iBAAa,WAAW,OAAO;AAAA,EACjC;AAAA,EAEA,MAAM,UAAgC;AACpC,QAAI,SAAsB;AAC1B,QAAI,aAAa,QAAQ,OAAO,GAAG;AACjC,UAAI;AACF,iBAAS,MAAM,KAAK,aAAa,cAAc;AAAA,MACjD,SAAS,GAAG;AACV,qBAAa,WAAW,OAAO;AAAA,MACjC;AAAA,IACF;AACA,WAAO,QAAQ,QAAQ,MAAM;AAAA,EAC/B;AAAA,EAEA,MAAM,UAAyB;AAC7B,WAAO,KAAK,aAAa,iBAAiB;AAAA,EAC5C;AAAA,EAEA,MAAM,UAAU,MAAmC;AACjD,WAAO,KAAK,aAAa,YAAY;AAAA,EACvC;AAAA,EAEA,MAAM,MAAM,OAAsC;AAChD,WAAO,KAAK,aAAa,cAAc,QAAQ,KAAK;AAAA,EACtD;AAAA,EAEA,MAAM,YAAY,KAAkC;AAClD,WAAO,KAAK,aAAa,kBAAkB,qBAAqB,QAAQ,EAAE,IAAI,CAAC;AAAA,EACjF;AAAA,EAEA,MAAM,aAAa,MAAkC;AACnD,WAAO,KAAK,aAAa,kBAAkB,KAAK,EAAE,EAAE;AAAA,EACtD;AAAA,EAEA,MAAM,gBAAgB,WAA0C;AAC9D,WAAO,KAAK,aAAa,kBAAkB,QAAQ,SAAS;AAAA,EAC9D;AAAA,EAEA,MAAM,cAAc,OAAe,GAAG,QAAgB,IAAI,aAAqB,KAA6B;AAC1G,WAAO,KAAK,aAAa,uBAAuB,IAAI,UAAU,KAAK,SAAS,UAAU,EAAE;AAAA,EAC1F;AAAA,EAEA,MAAM,eAAe,WAAqC;AACxD,WAAO,KAAK,aAAa,kBAAkB,UAAU,EAAE,IAAI,QAAQ;AAAA,EACrE;AAAA,EAEA,MAAM,YAAY,WAAsB,OAA8B;AACpE,WAAO,KAAK,aAAa,kBAAkB,UAAU,EAAE,UAAU,QAAQ,KAAK;AAAA,EAChF;AAAA,EAEA,MAAM,WAAW,WAAsB,OAA6B;AAClE,WAAO,KAAK,aAAa,kBAAkB,UAAU,EAAE,UAAU,MAAM,EAAE,IAAI,QAAQ;AAAA,EACvF;AAAA,EAEA,MAAM,KAAK,SAAqC;AAC9C,QAAI,YAAY,WAAW;AACzB,aAAO,KAAK,aAAa,kBAAkB,WAAW;AAAA,IACxD;AACA,WAAO,KAAK,aAAa,WAAW;AAAA,EACtC;AACF;AAEA,MAAM,mBAAmB,IAAI,iBAAiB;AAC9C,eAAe;","names":[]},"_coverageSchema":"1a1c01bbd47fc00a2c39e90264f33305004495a9","hash":"bc58771138d4a2e82e60474cecbaa081b3f2df52"},"/Users/jayellis/projects/byu/cs329/jwt-pizza/src/service/service.ts":{"path":"/Users/jayellis/projects/byu/cs329/jwt-pizza/src/service/service.ts","statementMap":{"0":{"start":{"line":2,"column":19},"end":{"line":2,"column":35}}},"fnMap":{},"branchMap":{},"s":{"0":1},"f":{},"b":{},"inputSourceMap":{"version":3,"sources":["/Users/jayellis/projects/byu/cs329/jwt-pizza/src/service/service.ts"],"mappings":"AAAA,OAAO,sBAAsB;AAG7B,IAAI,eAA6B;AACjC,SAAS;","names":[]},"_coverageSchema":"1a1c01bbd47fc00a2c39e90264f33305004495a9","hash":"ed060410a4ca19093eb7b1550ccaff295c588805"},"/Users/jayellis/projects/byu/cs329/jwt-pizza/src/hooks/appNavigation.tsx":{"path":"/Users/jayellis/projects/byu/cs329/jwt-pizza/src/hooks/appNavigation.tsx","statementMap":{"0":{"start":{"line":1,"column":9},"end":{"line":1,"column":23}},"1":{"start":{"line":4,"column":2},"end":{"line":4,"column":7}},"2":{"start":{"line":5,"column":19},"end":{"line":5,"column":32}},"3":{"start":{"line":6,"column":19},"end":{"line":6,"column":32}},"4":{"start":{"line":7,"column":31},"end":{"line":15,"column":3}},"5":{"start":{"line":8,"column":18},"end":{"line":8,"column":84}},"6":{"start":{"line":9,"column":4},"end":{"line":13,"column":5}},"7":{"start":{"line":10,"column":6},"end":{"line":10,"column":40}},"8":{"start":{"line":11,"column":11},"end":{"line":13,"column":5}},"9":{"start":{"line":12,"column":6},"end":{"line":12,"column":20}},"10":{"start":{"line":14,"column":4},"end":{"line":14,"column":49}},"11":{"start":{"line":16,"column":2},"end":{"line":16,"column":30}},"12":{"start":{"line":18,"column":0},"end":{"line":20,"column":3}},"13":{"start":{"line":19,"column":2},"end":{"line":19,"column":36}}},"fnMap":{"0":{"name":"useBreadcrumb","decl":{"start":{"line":3,"column":9},"end":{"line":3,"column":22}},"loc":{"start":{"line":3,"column":32},"end":{"line":17,"column":1}},"line":3},"1":{"name":"(anonymous_1)","decl":{"start":{"line":7,"column":31},"end":{"line":7,"column":32}},"loc":{"start":{"line":7,"column":37},"end":{"line":15,"column":3}},"line":7},"2":{"name":"(anonymous_2)","decl":{"start":{"line":18,"column":57},"end":{"line":18,"column":58}},"loc":{"start":{"line":18,"column":68},"end":{"line":20,"column":1}},"line":18}},"branchMap":{"0":{"loc":{"start":{"line":9,"column":4},"end":{"line":13,"column":5}},"type":"if","locations":[{"start":{"line":9,"column":4},"end":{"line":13,"column":5}},{"start":{"line":11,"column":11},"end":{"line":13,"column":5}}],"line":9},"1":{"loc":{"start":{"line":11,"column":11},"end":{"line":13,"column":5}},"type":"if","locations":[{"start":{"line":11,"column":11},"end":{"line":13,"column":5}},{"start":{},"end":{}}],"line":11}},"s":{"0":1,"1":0,"2":0,"3":0,"4":0,"5":0,"6":0,"7":0,"8":0,"9":0,"10":0,"11":0,"12":1,"13":0},"f":{"0":0,"1":0,"2":0},"b":{"0":[0,0],"1":[0,0]},"inputSourceMap":{"version":3,"mappings":";AAAA,SAASA,aAAaC,mBAAmB;AAEzC,SAASC,cAAcC,SAAkB;AAAAC,KAAA;AACvC,QAAMC,WAAWL,YAAY;AAC7B,QAAMM,WAAWL,YAAY;AAE7B,QAAMM,uBAAuBA,MAAM;AACjC,QAAIC,UAAUH,SAASI,SAASC,UAAU,GAAGL,SAASI,SAASE,YAAY,GAAG,CAAC;AAC/E,QAAIR,SAAS;AACXK,gBAAUA,UAAU,MAAML;AAAAA,IAC5B,WAAWK,YAAY,IAAI;AACzBA,gBAAU;AAAA,IACZ;AACAF,aAASE,SAAS,EAAEI,OAAOP,SAASO,MAAM,CAAC;AAAA,EAC7C;AAEA,SAAOL;AACT;AAACH,GAfQF,eAAa;AAAA,UACHF,aACAC,WAAW;AAAA;AAe9B,SAASC","names":["useLocation","useNavigate","useBreadcrumb","sibling","_s","location","navigate","navigateByBreadcrumb","newPath","pathname","substring","lastIndexOf","state"],"ignoreList":[],"sources":["/Users/jayellis/projects/byu/cs329/jwt-pizza/src/hooks/appNavigation.tsx"],"file":"/Users/jayellis/projects/byu/cs329/jwt-pizza/src/hooks/appNavigation.tsx"},"_coverageSchema":"1a1c01bbd47fc00a2c39e90264f33305004495a9","hash":"4c994b379188cec3f5056f6abe03c2bf3c52c16d"},"/Users/jayellis/projects/byu/cs329/jwt-pizza/src/views/register.tsx":{"path":"/Users/jayellis/projects/byu/cs329/jwt-pizza/src/views/register.tsx","statementMap":{"0":{"start":{"line":2,"column":9},"end":{"line":2,"column":23}},"1":{"start":{"line":10,"column":2},"end":{"line":10,"column":7}},"2":{"start":{"line":11,"column":26},"end":{"line":11,"column":44}},"3":{"start":{"line":12,"column":34},"end":{"line":12,"column":52}},"4":{"start":{"line":13,"column":28},"end":{"line":13,"column":46}},"5":{"start":{"line":14,"column":32},"end":{"line":14,"column":50}},"6":{"start":{"line":15,"column":31},"end":{"line":15,"column":46}},"7":{"start":{"line":16,"column":26},"end":{"line":16,"column":48}},"8":{"start":{"line":17,"column":18},"end":{"line":17,"column":36}},"9":{"start":{"line":18,"column":2},"end":{"line":20,"column":9}},"10":{"start":{"line":19,"column":4},"end":{"line":19,"column":29}},"11":{"start":{"line":22,"column":4},"end":{"line":22,"column":27}},"12":{"start":{"line":23,"column":4},"end":{"line":28,"column":5}},"13":{"start":{"line":24,"column":6},"end":{"line":24,"column":72}},"14":{"start":{"line":25,"column":6},"end":{"line":25,"column":29}},"15":{"start":{"line":27,"column":6},"end":{"line":27,"column":44}},"16":{"start":{"line":31,"column":4},"end":{"line":31,"column":20}},"17":{"start":{"line":33,"column":2},"end":{"line":222,"column":11}},"18":{"start":{"line":55,"column":31},"end":{"line":55,"column":54}},"19":{"start":{"line":96,"column":29},"end":{"line":96,"column":53}},"20":{"start":{"line":139,"column":31},"end":{"line":139,"column":58}},"21":{"start":{"line":224,"column":0},"end":{"line":226,"column":3}},"22":{"start":{"line":225,"column":2},"end":{"line":225,"column":40}},"23":{"start":{"line":227,"column":0},"end":{"line":227,"column":14}},"24":{"start":{"line":229,"column":0},"end":{"line":229,"column":29}},"25":{"start":{"line":231,"column":20},"end":{"line":231,"column":97}},"26":{"start":{"line":232,"column":0},"end":{"line":248,"column":1}},"27":{"start":{"line":233,"column":2},"end":{"line":237,"column":3}},"28":{"start":{"line":234,"column":4},"end":{"line":236,"column":6}},"29":{"start":{"line":238,"column":2},"end":{"line":247,"column":5}},"30":{"start":{"line":239,"column":4},"end":{"line":239,"column":137}},"31":{"start":{"line":240,"column":4},"end":{"line":246,"column":7}},"32":{"start":{"line":241,"column":6},"end":{"line":242,"column":15}},"33":{"start":{"line":242,"column":8},"end":{"line":242,"column":15}},"34":{"start":{"line":243,"column":32},"end":{"line":243,"column":186}},"35":{"start":{"line":244,"column":6},"end":{"line":245,"column":54}},"36":{"start":{"line":245,"column":8},"end":{"line":245,"column":54}},"37":{"start":{"line":250,"column":2},"end":{"line":250,"column":116}},"38":{"start":{"line":253,"column":2},"end":{"line":253,"column":62}}},"fnMap":{"0":{"name":"Register","decl":{"start":{"line":9,"column":24},"end":{"line":9,"column":32
[...]
{"line":131,"column":6},"end":{"line":132,"column":54}},{"start":{},"end":{}}],"line":131}},"s":{"0":1,"1":1,"2":1,"3":0,"4":0,"5":0,"6":0,"7":0,"8":0,"9":0,"10":0,"11":0,"12":1,"13":0,"14":1,"15":1,"16":1,"17":1,"18":1,"19":0,"20":1,"21":1,"22":1,"23":0,"24":0,"25":0,"26":0,"27":0,"28":1,"29":1},"f":{"0":0,"1":0,"2":0,"3":0,"4":0,"5":0,"6":1,"7":0,"8":1,"9":1},"b":{"0":[0,0],"1":[1,0],"2":[1,0],"3":[1,1],"4":[0,1],"5":[0,0],"6":[0,0]},"inputSourceMap":{"version":3,"mappings":"AA0BmC;;AA1BnC,OAAOA,WAAW;AAClB,OAAOC,UAAU;AACjB,SAASC,oBAAoB;AAC7B,SAASC,iBAAiB;AAG1B,MAAMC,OAAO;AAAA,EACX,EAAEC,MAAM,WAAWC,KAAKC,YAAYC,IAAIC,uBAAuB;AAAA,EAC/D,EAAEJ,MAAM,WAAWC,KAAKC,YAAYC,IAAIE,uBAAuB;AAAC;AAGlE,MAAMC,OAAOA,MAAM;AAAAC,KAAA;AACjB,QAAM,EAAEC,QAAQ,IAAIV,UAAU;AAC9B,QAAM,CAACW,MAAMC,OAAO,IAAIf,MAAMgB,SAAoB,EAAEC,WAAW,GAAG,CAAC;AACnEjB,QAAMkB,UAAU,MAAM;AACpB,KAAC,YAAY;AACXH,cAAQ,MAAMb,aAAaY,KAAKD,OAAQ,CAAC;AAAA,IAC3C,GAAG;AAAA,EACL,GAAG,EAAE;AAEL,SACE,uBAAC,QAAK,OAAM,iBACV;AAAA,2BAAC,SAAI,WAAU,OACZC,eAAKG,UAAUE;AAAAA,MAAI,CAACC,KAAKC,UACxB,uBAAC,SAAgB,WAAU,kDACzB;AAAA,+BAAC,QAAG,WAAU,oCACXD;AAAAA,cAAIE,gBAAgB,uBAAC,UAAK,kBAAN;AAAA;AAAA;AAAA;AAAA,iBAAQ;AAAA,UAAQ;AAAA,UAAGF,IAAIG;AAAAA,UAAO;AAAA,UAAGH,IAAII;AAAAA,aAD5D;AAAA;AAAA;AAAA;AAAA,eAEA;AAAA,QACA,uBAAC,OAAGJ,cAAIK,eAAR;AAAA;AAAA;AAAA;AAAA,eAAoB;AAAA,QAEpB,uBAAC,SAAI,WAAU,wBACb;AAAA,iCAAC,WAAM,WAAU,aAAY,+BAA7B;AAAA;AAAA;AAAA;AAAA,iBAA4C;AAAA,UAC5C,uBAAC,SAAI,WAAU,kEAAkEL,cAAIM,WAArF;AAAA;AAAA;AAAA;AAAA,iBAA6F;AAAA,aAF/F;AAAA;AAAA;AAAA;AAAA,eAGA;AAAA,QACA,uBAAC,SAAI,WAAU,wBACb;AAAA,iCAAC,WAAM,WAAU,aAAY,wBAA7B;AAAA;AAAA;AAAA;AAAA,iBAAqC;AAAA,UACrC,uBAAC,SAAI,WAAU,kEAAkEC,eAAKC,UAAUR,IAAIS,UAAU,MAAM,CAAC,KAArH;AAAA;AAAA;AAAA;AAAA,iBAAuH;AAAA,aAFzH;AAAA;AAAA;AAAA;AAAA,eAGA;AAAA,WAbQR,OAAV;AAAA;AAAA;AAAA;AAAA,aAcA;AAAA,IACD,KAjBH;AAAA;AAAA;AAAA;AAAA,WAkBA;AAAA,IACA,uBAAC,SAAI,WAAU,yDACZjB,eAAKe;AAAAA,MAAI,CAACW,KAAKT,UACd,uBAAC,SACES;AAAAA,YAAIzB;AAAAA,QAAK;AAAA,QACV,uBAAC,OAAE,WAAU,0CAAyC,MAAMyB,IAAIxB,KAC7DwB,cAAIxB,OADP;AAAA;AAAA;AAAA;AAAA,eAEA;AAAA,WAJQe,OAAV;AAAA;AAAA;AAAA;AAAA,aAKA;AAAA,IACD,KARH;AAAA;AAAA;AAAA;AAAA,WASA;AAAA,OA7BF;AAAA;AAAA;AAAA;AAAA,SA8BA;AAEJ;AAAET,GA1CID,MAAI;AAAA,UACYR,SAAS;AAAA;AAAA,KADzBQ;AA4CN,eAAeA;AAAK,IAAAoB;AAAA,aAAAA,IAAA","names":["React","View","pizzaService","useParams","apis","name","url","import","env","VITE_PIZZA_SERVICE_URL","VITE_PIZZA_FACTORY_URL","Docs","_s","docType","docs","setDocs","useState","endpoints","useEffect","map","doc","index","requiresAuth","method","path","description","example","JSON","stringify","response","api","_c"],"ignoreList":[],"sources":["/Users/jayellis/projects/byu/cs329/jwt-pizza/src/views/docs.tsx"],"file":"/Users/jayellis/projects/byu/cs329/jwt-pizza/src/views/docs.tsx"},"_coverageSchema":"1a1c01bbd47fc00a2c39e90264f33305004495a9","hash":"f3b503a6eab79c56d1b4b8e0ef1d24177dbc97e2"},"/Users/jayellis/projects/byu/cs329/jwt-pizza/src/components/breadcrumb.tsx":{"path":"/Users/jayellis/projects/byu/cs329/jwt-pizza/src/components/breadcrumb.tsx","statementMap":{"0":{"start":{"line":5,"column":20},"end":{"line":5,"column":22}},"1":{"start":{"line":6,"column":16},"end":{"line":24,"column":4}},"2":{"start":{"line":7,"column":4},"end":{"line":7,"column":30}},"3":{"start":{"line":8,"column":4},"end":{"line":23,"column":13}},"4":{"start":{"line":25,"column":2},"end":{"line":51,"column":11}},"5":{"start":{"line":53,"column":0},"end":{"line":53,"column":16}},"6":{"start":{"line":55,"column":0},"end":{"line":55,"column":31}},"7":{"start":{"line":57,"column":20},"end":{"line":57,"column":97}},"8":{"start":{"line":58,"column":0},"end":{"line":74,"column":1}},"9":{"start":{"line":59,"column":2},"end":{"line":63,"column":3}},"10":{"start":{"line":60,"column":4},"end":{"line":62,"column":6}},"11":{"start":{"line":64,"column":2},"end":{"line":73,"column":5}},"12":{"start":{"line":65,"column":4},"end":{"line":65,"column":144}},"13":{"start":{"line":66,"column":4},"end":{"line":72,"column":7}},"14":{"start":{"line":67,"column":6},"end":{"line":68,"column":15}},"15":{"start":{"line":68,"column":8},"end":{"line":68,"column":15}},"16":{"start":{"line":69,"column":32},"end":{"line":69,"column":193}},"17":{"start":{"line":70,"column":6},"end":{"line":71,"column":54}},"18":{"start":{"line":71,"column":8},"end":{"line":71,"column":54}},"19":{"start":{"line":76,"column":2},"end":{"line":76,"column":123}},"20":{"start":{"line":79,"column":2},"end":{"line":79,"column":62}}},"fnMap":{"0":{"name":"Breadcrumb","decl":{"start":{"line":4,"column":24},"end":{"line":4,"column":34}},"loc":{"start":{"line":4,"column":42},"end":{"line":52,"column":1}},"line":4},"1":{"name":"(anonymous_1)","decl":{"start":{"line":6,"column":46},"end":{"line":6,"column":47}},"loc":{"start":{"line":6,"column":56},"end":{"line":24,"column":3}},"line":6},"2":{"name":"(anonymous_2)","decl":{"start":{"line":64,"column":52},"end":{"line":64,"column":53}},"loc":{"start":{"line":64,"column":72},"end":{"line":73,"column":3}},"line":64},"3":{"name":"(anonymous_3)","decl":{"start":{"line":66,"column":27},"end":{"line":66,"column":28}},"loc":{"start":{"line":66,"column":44},"end":{"line":72,"column":5}},"line":66},"4":{"name":"$RefreshReg$","decl":{"start":{"line":75,"column":9},"end":{"line":75,"column":21}},"loc":{"start":{"line":75,"column":32},"end":{"line":77,"column":1}},"line":75},"5":{"name":"$RefreshSig$","decl":{"start":{"line":78,"column":9},"end":{"line":78,"column":21}},"loc":{"start":{"line":78,"column":24},"end":{"line":80,"column":1}},"line":78}},"branchMap":{"0":{"loc":{"start":{"line":46,"column":4},"end":{"line":46,"column":21}},"type":"binary-expr","locations":[{"start":{"line":46,"column":4},"end":{"line":46,"column":12}},{"start":{"line":46,"column":16},"end":{"line":46,"column":21}}],"line":46},"1":{"loc":{"start":{"line":57,"column":20},"end":{"line":57,"column":97}},"type":"binary-expr","locations":[{"start":{"line":57,"column":20},"end":{"line":57,"column":60}},{"start":{"line":57,"column":64},"end":{"line":57,"column":97}}],"line":57},"2":{"loc":{"start":{"line":58,"column":0},"end":{"line":74,"column":1}},"type":"if","locations":[{"start":{"line":58,"column":0},"end":{"line":74,"column":1}},{"start":{},"end":{}}],"line":58},"3":{"loc":{"start":{"line":58,"column":4},"end":{"line":58,"column":35}},"type":"binary-expr","locations":[{"start":{"line":58,"column":4},"end":{"line":58,"column":19}},{"start":{"line":58,"column":23},"end":{"line":58,"column":35}}],"line":58},"4":{"loc":{"start":{"line":59,"column":2},"end":{"line":63,"column":3}},"type":"if","locations":[{"start":{"line":59,"column":2},"end":{"line":63,"column":3}},{"start":{},"end":{}}],"line":59},"5":{"loc":{"start":{"line":67,"column":6},"end":{"line":68,"column":15}},"type":"if","locations":[{"start":{"line":67,"column":6},"end":{"line":68,"column":15}},{"start":{},"end":{}}],"line":67},"6":{"loc":{"start":{"line":70,"column":6},"end":{"line":71,"column":54}},"type":"if","locations":[{"start":{"line":70,"column":6},"end":{"line":71,"column":54}},{"start":{},"end":{}}],"line":70}},"s":{"0":1,"1":1,"2":1,"3":1,"4":1,"5":1,"6":1,"7":1,"8":1,"9":1,"10":0,"11":1,"12":1,"13":1,"14":0,"15":0,"16":0,"17":0,"18":0,"19":1,"20":0},"f":{"0":1,"1":1,"2":1,"3":0,"4":1,"5":0},"b":{"0":[1,1],"1":[1,0],"2":[1,0],"3":[1,1],"4":[0,1],"5":[0,0],"6":[0,0]},"inputSourceMap":{"version":3,"mappings":"AAcQ;AAbR,SAASA,eAAe;AACxB,SAASC,WAAWC,uBAAuB;AAM3C,wBAAwBC,WAAWC,OAAc;AAC/C,MAAIC,cAAc;AAClB,QAAMC,QAAQF,MAAMG,SAASC,MAAM,GAAG,EAAEC,IAAI,CAACC,SAAS;AACpDL,mBAAe,MAAMK;AACrB,WACE,uBAAC,QAAc,WAAU,yEAAwE,gBAAa,QAC5G;AAAA,6BAAC,qBAAD;AAAA;AAAA;AAAA;AAAA,aAAgB;AAAA,MAEhB,uBAAC,WAAQ,WAAU,sGAAqG,IAAIL,aACzHK,kBADH;AAAA;AAAA;AAAA;AAAA,aAEA;AAAA,SALOA,MAAT;AAAA;AAAA;AAAA;AAAA,WAMA;AAAA,EAEJ,CAAC;AACD,SACE,uBAAC,QAAG,WAAU,6DACZ;AAAA,2BAAC,QAAG,WAAU,4BACZ,iCAAC,WAAQ,WAAU,sGAAqG,IAAG,KACzH;AAAA,6BAAC,UAAK,WAAU,QACd,iCAAC,eAAD;AAAA;AAAA;AAAA;AAAA,aAAU,KADZ;AAAA;AAAA;AAAA;AAAA,aAEA;AAAA,MAAM;AAAA,SAHR;AAAA;AAAA;AAAA;AAAA,WAKA,KANF;AAAA;AAAA;AAAA;AAAA,WAOA;AAAA,IACCH,YAAYD;AAAAA,OATf;AAAA;AAAA;AAAA;AAAA,SAUA;AAEJ;AAACK,KA3BuBR;AAAU,IAAAQ;AAAA,aAAAA,IAAA","names":["NavLink","HouseIcon","GreaterThanIcon","Breadcrumb","props","currentPath","paths","location","split","map","path","_c"],"ignoreList":[],"sources":["/Users/jayellis/projects/byu/cs329/jwt-pizza/src/components/breadcrumb.tsx"],"file":"/Users/jayellis/projects/byu/cs329/jwt-pizza/src/components/breadcrumb.tsx"},"_coverageSchema":"1a1c01bbd47fc00a2c39e90264f33305004495a9","hash":"925006c2ef6803cd9c5b502801e80070d8493255"},"/Users/jayellis/projects/byu/cs329/jwt-pizza/src/app/app.tsx":{"path":"/Users/jayellis/projects/byu/cs329/jwt-pizza/src/app/app.tsx","statementMap":{"0":{"start":{"line":2,"column":9},"end":{"line":2,"column":23}},"1":{"start":{"line":31,"column":2},"end":{"line":31,"column":7}},"2":{"start":{"line":32,"column":26},"end":{"line":32,"column":46}},"3":{"start":{"line":33,"column":19},"end":{"line":33,"column":32}},"4":{"start":{"line":34,"column":2},"end":{"line":39,"column":9}},"5":{"start":{"line":35,"column":4},"end":{"line":38,"column":9}},"6":{"start":{"line":36,"column":20},"end":{"line":36,"column":48}},"7":{"start":{"line":37,"column":6},"end":{"line":37,"column":21}},"8":{"start":{"line":40,"column":2},"end":{"line":43,"column":26}},"9":{"start":{"line":41,"column":4},"end":{"line":41,"column":38}},"10":{"start":{"line":42,"column":4},"end":{"line":42,"column":26}},"11":{"start":{"line":45,"column":4},"end":{"line":45,"column":18}},"12":{"start":{"line":48,"column":4},"end":{"line":48,"column":23}},"13":{"start":{"line":51,"column":4},"end":{"line":51,"column":41}},"14":{"start":{"line":54,"column":4},"end":{"line":54,"column":22}},"15":{"start":{"line":56,"column":19},"end":{"line":153,"column":3}},"16":{"start":{"line":154,"column":2},"end":{"line":189,"column":11}},"17":{"start":{"line":166,"column":32},"end":{"line":170,"column":14}},"18":{"start":{"line":191,"column":0},"end":{"line":193,"column":3}},"19":{"start":{"line":192,"column":2},"end":{"line":192,"column":23}},"20":{"start":{"line":194,"column":0},"end":{"line":194,"column":9}},"21":{"start":{"line":196,"column":0},"end":{"line":196,"column":24}},"22":{"start":{"line":198,"column":20},"end":{"line":198,"column":97}},"23":{"start":{"line":199,"column":0},"end":{"line":215,"column":1}},"24":{"start":{"line":200,"column":2},"end":{"line":204,"column":3}},"25":{"start":{"line":201,"column":4},"end":{"line":203,"column":6}},"26":{"start":{"line":205,"column":2},"end":{"line":214,"column":5}},"27":{"start":{"line":206,"column":4},"end":{"line":206,"column":130}},"28":{"start":{"line":207,"column":4},"end":{"line":213,"column":7}},"29":{"start":{"line":208,"column":6},"end":{"line":209,"column":15}},"30":{"start":{"line":209,"column":8},"end":{"line":209,"column":15}},"31":{"start":{"line":210,"column":32},"end":{"line":210,"column":179}},"32":{"start":{"line":211,"column":6},"end":{"line":212,"column":54}},"33":{"start":{"line":212,"column":8},"end":{"line":212,"column":54}},"34":{"start":{"line":217,"column":2},"end":{"line":217,"column":109}},"35":{"start":{"line":220,"column":2},"end":{"line":220,"column":62}}},"fnMap":{"0":{"name":"App","decl":{"start":{"line":30,"column":24},"end":{"line":30,"column":27}},"loc":{"start":{"line":30,"column":30},"end":{"line":190,"column":1}},"line":30},"1":{"name":"(anonymous_1)","decl":{"start":{"line":34,"column":12},"end":{"line":34,"column":13}},"loc":{"start":{"line":34,"column":18},"end":{"line":39,"column":3}},"line":34},"2":{"name":"(anonymous_2)","decl":{"start":{"line":35,"column":5},"end":{"line":35,"column":6}},"loc":{"start":{"line":35,"column":17},"end":{"line":38,"column":5}},"line":35},"3":{"name":"(anonymous_3)","decl":{"start":{"line":40,"column":12},"end":{"line":40,"column":13}},"loc":{"start":{"line":40,"column":18},"end":{"line":43,"column":3}},"line":40},"4":{"name":"loggedIn","decl":{"start":{"line":44,"column":11},"end":{"line":44,"column":19}},"loc":{"start":{"line":44,"column":22},"end":{"line":46,"column":3}},"line":44},"5":{"name":"loggedOut","decl":{"start":{"line":47,"column":11},"end":{"line":47,"column":20}},"loc":{"start":{"line":47,"column":23},"end":{"line":49,"column":3}},"line":47},"6":{"name":"isAdmin","decl":{"start":{"line":50,"column":11},"end":{"line":50,"column":18}},"loc":{"start":{"line":50,"column":21},"end":{"line":52,"column":3}},"line":50},"7":{"name":"isNotAdmin","decl":{"start":{"line":53,"column":11},"end":{"line":53,"column":21}},"loc":{"start":{"line":53,"column":24},"end":{"line":55,"column":3}},"line":53},"8":{"name":"(anonymous_8)","decl":{"start":{"line":166,"column":6},"end":{"line":166,"column":7}},"loc":{"start":{"line":166,"column":32},"end":{"line":170,"column":14}},"line":166},"9":{"name":"(anonymous_9)","decl":{"start":{"line":191,"column":47},"end":{"line":191,"column":48}},"loc":{"start":{"line":191,"column":58},"end":{"line":193,"column":1}},"line":191},"10":{"name":"(anonymous_10)","decl":{"start":{"line":205,"column":52},"end":{"line":205,"column":53}},"loc":{"start":{"line":205,"column":72},"end":{"line":214,"column":3}},"line":205},"11":{"name":"(anonymous_11)","decl":{"start":{"line":207,"column":27},"end":{"line":207,"column":28}},"loc":{"start":{"line":207,"column":44},"end":{"line":213,"column":5}},"line":207},"12":{"name":"$RefreshReg$","decl":{"start":{"line":216,"column":9},"end":{"line":216,"column":21}},"loc":{"start":{"line":216,"column":32},"end":{"line":218,"column":1}},"line":216},"13":{"name":"$RefreshSig$","decl":{"start":{"line":219,"column":9},"end":{"line":219,"column":21}},"loc":{"start":{"line":219,"column":24},"end":{"line":221,"column":1}},"line":219}},"branchMap":{"0":{"loc":{"start":{"line":198,"column":20},"end":{"line":198,"column":97}},"type":"binary-expr","locations":[{"start":{"line":198,"column":20},"end":{"line":198,"column":60}},{"start":{"line":198,"column":64},"end":{"line":198,"column":97}}],"line":198},"1":{"loc":{"start":{"line":199,"column":0},"end":{"line":215,"column":1}},"type":"if","locations":[{"start":{"line":199,"column":0},"end":{"line":215,"column":1}},{"start":{},"end":{}}],"line":199},"2":{"loc":{"start":{"line":199,"column":4},"end":{"line":199,"column":35}},"type":"binary-expr","locations":[{"start":{"line":199,"column":4},"end":{"line":199,"column":19}},{"start":{"line":199,"column":23},"end":{"line":199,"column":35}}],"line":199},"3":{"loc":{"start":{"line":200,"column":2},"end":{"line":204,"column":3}},"type":"if","locations":[{"start":{"line":200,"column":2},"end":{"line":204,"column":3}},{"start":{},"end":{}}],"line":200},"4":{"loc":{"start":{"line":208,"column":6},"end":{"line":209,"column":15}},"type":"if","locations":[{"start":{"line":208,"column":6},"end":{"line":209,"column":15}},{"start":{},"end":{}}],"line":208},"5":{"loc":{"start":{"line":211,"column":6},"end":{"line":212,"column":54}},"type":"if","locations":[{"start":{"line":211,"column":6},"end":{"line":212,"column":54}},{"start":{},"end":{}}],"line":211}},"s":{"0":1,"1":1,"2":1,"3":1,"4":1,"5":1,"6":1,"7":1,"8":1,"9":1,"10":1,"11":3,"12":2,"13":2,"14":1,"15":1,"16":1,"17":18,"18":1,"19":1,"20":1,"21":1,"22":1,"23":1,"24":1,"25":0,"26":1,"27":1,"28":1,"29":0,"30":0,"31":0,"32":0,"33":0,"34":1,"35":1},"f":{"0":1,"1":1,"2":1,"3":1,"4":3,"5":2,"6":2,"7":1,"8":18,"9":1,"10":1,"11":0,"12":1,"13":1},"b":{"0":[1,0],"1":[1,0],"2":[1,1],"3":[0,1],"4":[0,0],"5":[0,0]},"inputSourceMap":{"version":3,"mappings":"AAgEyC;;AAhEzC,OAAOA,WAAW;AAClB,SAASC,iBAAiB;AAC1B,SAASC,aAAaC,QAAQC,aAAa;AAC3C,OAAOC,YAAY;AACnB,OAAOC,YAAY;AACnB,OAAOC,UAAU;AACjB,OAAOC,WAAW;AAClB,OAAOC,cAAc;AACrB,OAAOC,WAAW;AAClB,OAAOC,YAAY;AACnB,OAAOC,UAAU;AACjB,OAAOC,cAAc;AACrB,OAAOC,wBAAwB;AAC/B,OAAOC,aAAa;AACpB,OAAOC,oBAAoB;AAC3B,OAAOC,oBAAoB;AAC3B,OAAOC,iBAAiB;AACxB,OAAOC,qBAAqB;AAC5B,OAAOC,oBAAoB;AAC3B,OAAOC,gBAAgB;AACvB,OAAOC,aAAa;AACpB,OAAOC,cAAc;AACrB,OAAOC,UAAU;AACjB,OAAOC,gBAAgB;AACvB,SAASC,oBAAoB;AAC7B,SAASC,YAAkB;AAC3B,OAAO;AAQP,wBAAwBC,MAAM;AAAAC,KAAA;AAC5B,QAAM,CAACC,MAAMC,OAAO,IAAI/B,MAAMgC,SAAsB,IAAI;AACxD,QAAMC,WAAW/B,YAAY;AAE7BD,YAAU,MAAM;AACd,KAAC,YAAY;AACX,YAAM6B,QAAO,MAAMJ,aAAaQ,QAAQ;AACxCH,cAAQD,KAAI;AAAA,IACd,GAAG;AAAA,EACL,GAAG,EAAE;AAEL7B,YAAU,MAAM;AACdkC,WAAOC,gBAAgBC,SAAS;AAChCF,WAAOG,SAAS,GAAG,CAAC;AAAA,EACtB,GAAG,CAACL,SAASM,QAAQ,CAAC;AAEtB,WAASC,WAAW;AAClB,WAAO,CAAC,CAACV;AAAAA,EACX;AACA,WAASW,YAAY;AACnB,WAAO,CAACD,SAAS;AAAA,EACnB;AACA,WAASE,UAAU;AACjB,WAAOf,KAAKgB,OAAOb,MAAMH,KAAKiB,KAAK;AAAA,EACrC;AACA,WAASC,aAAa;AACpB,WAAO,CAACH,QAAQ;AAAA,EAClB;AAEA,QAAMI,WAAW;AAAA,IACf,EAAEC,OAAO,QAAQC,IAAI,KAAKC,WAAW,uBAAC,UAAD;AAAA;AAAA;AAAA;AAAA,WAAK,GAAKC,SAAS,GAAG;AAAA,IAC3D,EAAEH,OAAO,SAASC,IAAI,oBAAoBC,WAAW,uBAAC,kBAAe,QAAhB;AAAA;AAAA;AAAA;AAAA,WAA2B,GAAKC,SAAS,GAAG;AAAA,IACjG,EAAEH,OAAO,SAASC,IAAI,SAASC,WAAW,uBAAC,UAAD;AAAA;AAAA;AAAA;AAAA,WAAK,GAAKC,SAAS,CAAC,KAAK,EAAE;AAAA,IACrE;AAAA,MACEH,OAAO;AAAA,MACPC,IAAI;AAAA,MACJC,WAAW,uBAAC,sBAAmB,QAApB;AAAA;AAAA;AAAA;AAAA,aAA+B;AAAA,MAC1CE,aAAa,CAACN,UAAU;AAAA,MACxBK,SAAS,CAAC,OAAO,QAAQ;AAAA,IAC3B;AAAA,IACA,EAAEH,OAAO,SAASC,IAAI,UAAUC,WAAW,uBAAC,WAAD;AAAA;AAAA;AAAA;AAAA,WAAM,GAAKC,SAAS,CAAC,QAAQ,EAAE;AAAA,IAC1E,EAAEH,OAAO,WAAWC,IAAI,YAAYC,WAAW,uBAAC,aAAD;AAAA;AAAA;AAAA;AAAA,WAAQ,GAAKC,SAAS,CAAC,QAAQ,EAAE;AAAA,IAChF,EAAEH,OAAO,SAASC,IAAI,oBAAoBC,WAAW,uBAAC,kBAAe,QAAhB;AAAA;AAAA;AAAA;AAAA,WAA2B,GAAKE,aAAa,CAACT,OAAO,GAAGQ,SAAS,CAAC,KAAK,EAAE;AAAA,IAC9H,EAAEH,OAAO,oBAAoBC,IAAI,+BAA+BC,WAAW,uBAAC,qBAAD;AAAA;AAAA;AAAA;AAAA,WAAgB,GAAKC,SAAS,GAAG;AAAA,IAC5G,EAAEH,OAAO,mBAAmBC,IAAI,8BAA8BC,WAAW,uBAAC,oBAAD;AAAA;AAAA;AAAA;AAAA,WAAe,GAAKC,SAAS,GAAG;AAAA,IACzG,EAAEH,OAAO,gBAAgBC,IAAI,2BAA2BC,WAAW,uBAAC,iBAAD;AAAA;AAAA;AAAA;AAAA,WAAY,GAAKC,SAAS,GAAG;AAAA,IAChG,EAAEH,OAAO,eAAeC,IAAI,0BAA0BC,WAAW,uBAAC,gBAAD;AAAA;AAAA;AAAA;AAAA,WAAW,GAAKC,SAAS,GAAG;AAAA,IAC7F,EAAEH,OAAO,WAAWC,IAAI,YAAYC,WAAW,uBAAC,aAAD;AAAA;AAAA;AAAA;AAAA,WAAQ,GAAKC,SAAS,GAAG;AAAA,IACxE,EAAEH,OAAO,YAAYC,IAAI,aAAaC,WAAW,uBAAC,cAAD;AAAA;AAAA;AAAA;AAAA,WAAS,GAAKC,SAAS,GAAG;AAAA,IAC3E,EAAEH,OAAO,SAASC,IAAI,oBAAoBC,WAAW,uBAAC,SAAM,WAAP;AAAA;AAAA;AAAA;AAAA,WAAwB,GAAKE,aAAa,CAACV,SAAS,GAAGS,SAAS,CAAC,KAAK,EAAE;AAAA,IAC7H,EAAEH,OAAO,YAAYC,IAAI,uBAAuBC,WAAW,uBAAC,YAAS,WAAV;AAAA;AAAA;AAAA;AAAA,WAA2B,GAAKE,aAAa,CAACV,SAAS,GAAGS,SAAS,CAAC,KAAK,EAAE;AAAA,IACtI,EAAEH,OAAO,UAAUC,IAAI,qBAAqBC,WAAW,uBAAC,UAAO,WAAR;AAAA;AAAA;AAAA;AAAA,WAAyB,GAAKE,aAAa,CAACX,QAAQ,GAAGU,SAAS,CAAC,KAAK,EAAE;AAAA,IAC/H,EAAEH,OAAO,QAAQC,IAAI,mBAAmBC,WAAW,uBAAC,UAAD;AAAA;AAAA;AAAA;AAAA,WAAK,GAAKC,SAAS,GAAG;AAAA,IACzE,EAAEH,OAAO,QAAQC,IAAI,KAAKC,WAAW,uBAAC,cAAD;AAAA;AAAA;AAAA;AAAA,WAAS,GAAKC,SAAS,GAAG;AAAA,EAAC;AAGlE,SACE,uBAAC,SAAI,WAAU,eACb;AAAA,2BAAC,UAAO,MAAY,YAApB;AAAA;AAAA;AAAA;AAAA,WAAuC;AAAA,IACvC,uBAAC,cAAW,UAAUjB,SAASM,SAASa,QAAQ,KAAK,EAAE,KAAvD;AAAA;AAAA;AAAA;AAAA,WAAyD;AAAA,IAEzD,uBAAC,UAAK,WAAU,aACd,iCAAC,UACEN,mBAASO;AAAAA,MAAI,CAACC,SACb,uBAAC,SAAuB,MAAMA,KAAKN,IAAI,SAASM,KAAKL,aAAzCK,KAAKP,OAAjB;AAAA;AAAA;AAAA;AAAA,aAA+D;AAAA,IAChE,KAHH;AAAA;AAAA;AAAA;AAAA,WAIA,KALF;AAAA;AAAA;AAAA;AAAA,WAMA;AAAA,IAEA,uBAAC,UAAO,YAAR;AAAA;AAAA;AAAA;AAAA,WAA2B;AAAA,OAZ7B;AAAA;AAAA;AAAA;AAAA,SAaA;AAEJ;AAAClB,GAxEuBD,KAAG;AAAA,UAER1B,WAAW;AAAA;AAAA,KAFN0B;AAAG,IAAA2B;AAAA,aAAAA,IAAA","names":["React","useEffect","useLocation","Routes","Route","Header","Footer","Home","About","Register","Login","Logout","Menu","Delivery","FranchiseDashboard","History","AdminDashboard","DinerDashboard","CreateStore","CreateFranchise","CloseFranchise","CloseStore","Payment","NotFound","Docs","Breadcrumb","pizzaService","Role","App","_s","user","setUser","useState","location","getUser","window","HSStaticMethods","autoInit","scrollTo","pathname","loggedIn","loggedOut","isAdmin","isRole","Admin","isNotAdmin","navItems","title","to","component","display","constraints","replace","map","item","_c"],"ignoreList":[],"sources":["/Users/jayellis/projects/byu/cs329/jwt-pizza/src/app/app.tsx"],"file":"/Users/jayellis/projects/byu/cs329/jwt-pizza/src/app/app.tsx"},"_coverageSchema":"1a1c01bbd47fc00a2c39e90264f33305004495a9","hash":"afa6eab34acd8f9cf460f0d79f597bb4c455c1a2"}}